<?xml version="1.0" encoding="UTF-8"?>
<testsuite xmlns:xsi="http://www.w3.org/2001/XMLSchema-instance" xsi:noNamespaceSchemaLocation="https://maven.apache.org/surefire/maven-surefire-plugin/xsd/surefire-test-report-3.0.xsd" version="3.0" name="examples.MethodTests" time="15.115" tests="8" errors="0" skipped="0" failures="4">
  <properties>
[...]
</properties>
  <testcase name="addLinks_success" classname="examples.MethodTests" time="0.889">
    <system-err><![CDATA[2025-08-09T18:58:56.019+0300 [main] DEBUG ru.testit.listener.BaseJunit5Listener - Before all: examples.MethodTests
2025-08-09T18:58:56.019+0300 [main] DEBUG ru.testit.services.AdapterManager - Start launch
2025-08-09T18:58:56.020+0300 [main] DEBUG ru.testit.services.AdapterManager - Test run is exist.
2025-08-09T18:58:56.020+0300 [main] DEBUG ru.testit.services.AdapterManager - Start new main container class MainContainer {
    uuid: 03adb3be-a42c-4f60-850e-be48dc820179
    beforeMethods: []
    afterMethods: []
    children: []
    start: 1754755136020
    stop: null
}
2025-08-09T18:58:56.021+0300 [main] DEBUG ru.testit.services.AdapterManager - Start new class container class ClassContainer {
    uuid: 15F6F2F5760FBE69974EF59280D08B03083F395C835CDABDD2E6B76CE30D591E
    name: null
    beforeEachTest: []
    afterEachTest: []
    beforeClassMethods: []
    afterClassMethods: []
    children: []
    start: 1754755136021
    stop: null
} for parent 03adb3be-a42c-4f60-850e-be48dc820179
2025-08-09T18:58:56.026+0300 [main] DEBUG ru.testit.listener.BaseJunit5Listener - Intercept test: addLinks_success
2025-08-09T18:58:56.027+0300 [main] DEBUG ru.testit.services.AdapterManager - Schedule test case class TestResult {
    uuid: b4b3661b-1a5f-43e2-b3a8-08ec546988a9
    externalId: 11E589B29FEF09002347BDD389AF47BE75B2BF7C5FE0A088109F6E3A310E253E
    workItemIds: []
    className: MethodTests
    spaceName: examples
    labels: []
    linkItems: []
    resultLinks: []
    attachments: []
    name: addLinks_success
    title: null
    message: null
    itemStatus: null
    itemStage: SCHEDULED
    description: 
    steps: []
    throwable: null
    start: null
    stop: null
    parameters: null
    automaticCreationTestCases: true
    externalKey: examples.MethodTests.addLinks_success
}
2025-08-09T18:58:56.027+0300 [main] DEBUG ru.testit.services.AdapterManager - Start test case class TestResult {
    uuid: b4b3661b-1a5f-43e2-b3a8-08ec546988a9
    externalId: 11E589B29FEF09002347BDD389AF47BE75B2BF7C5FE0A088109F6E3A310E253E
    workItemIds: []
    className: MethodTests
    spaceName: examples
    labels: []
    linkItems: []
    resultLinks: []
    attachments: []
    name: addLinks_success
    title: null
    message: null
    itemStatus: null
    itemStage: RUNNING
    description: 
    steps: []
    throwable: null
    start: 1754755136027
    stop: null
    parameters: null
    automaticCreationTestCases: true
    externalKey: examples.MethodTests.addLinks_success
}
2025-08-09T18:58:56.028+0300 [main] DEBUG ru.testit.services.AdapterManager - Update class container 15F6F2F5760FBE69974EF59280D08B03083F395C835CDABDD2E6B76CE30D591E
2025-08-09T18:58:56.030+0300 [main] DEBUG ru.testit.services.AdapterManager - Update test case b4b3661b-1a5f-43e2-b3a8-08ec546988a9
2025-08-09T18:58:56.031+0300 [main] DEBUG ru.testit.services.AdapterManager - Update test case b4b3661b-1a5f-43e2-b3a8-08ec546988a9
2025-08-09T18:58:56.031+0300 [main] DEBUG ru.testit.listener.BaseJunit5Listener - Test successful: addLinks_success()
2025-08-09T18:58:56.031+0300 [main] DEBUG ru.testit.services.AdapterManager - Update test case b4b3661b-1a5f-43e2-b3a8-08ec546988a9
2025-08-09T18:58:56.032+0300 [main] DEBUG ru.testit.services.AdapterManager - Stop test case class TestResult {
    uuid: b4b3661b-1a5f-43e2-b3a8-08ec546988a9
    externalId: 11E589B29FEF09002347BDD389AF47BE75B2BF7C5FE0A088109F6E3A310E253E
    workItemIds: []
    className: MethodTests
    spaceName: examples
    labels: []
    linkItems: []
    resultLinks: [class LinkItem {
        title: Example01
        url: https://test01.example
        description: Example01 description
        type: ISSUE
    }, class LinkItem {
        title: Example02
        url: https://test02.example
        description: Example02 description
        type: ISSUE
    }]
    attachments: []
    name: addLinks_success
    title: null
    message: null
    itemStatus: PASSED
    itemStage: FINISHED
    description: 
    steps: []
    throwable: null
    start: 1754755136027
    stop: 1754755136032
    parameters: null
    automaticCreationTestCases: true
    externalKey: examples.MethodTests.addLinks_success
}
2025-08-09T18:58:56.032+0300 [main] DEBUG ru.testit.writers.HttpWriter - Write the auto test 11E589B29FEF09002347BDD389AF47BE75B2BF7C5FE0A088109F6E3A310E253E
2025-08-09T18:58:56.104+0300 [main] DEBUG ru.testit.writers.HttpWriter - Preparing to create the auto test 11E589B29FEF09002347BDD389AF47BE75B2BF7C5FE0A088109F6E3A310E253E
2025-08-09T18:58:56.566+0300 [main] DEBUG ru.testit.writers.HttpWriter - Preparing the test result for the auto test 11E589B29FEF09002347BDD389AF47BE75B2BF7C5FE0A088109F6E3A310E253E
]]></system-err>
  </testcase>
  <testcase name="addMessage_failed" classname="examples.MethodTests" time="0.701">
    <failure type="org.opentest4j.AssertionFailedError&#10;	at org.junit.jupiter.api.AssertionUtils.fail(AssertionUtils.java"><![CDATA[org.opentest4j.AssertionFailedError
	at org.junit.jupiter.api.AssertionUtils.fail(AssertionUtils.java:35)
	at org.junit.jupiter.api.Assertions.fail(Assertions.java:115)
	at examples.MethodTests.addMessage_failed(MethodTests.java:64)
	at java.base/jdk.internal.reflect.DirectMethodHandleAccessor.invoke(DirectMethodHandleAccessor.java:104)
	at java.base/java.lang.reflect.Method.invoke(Method.java:565)
	at org.junit.platform.commons.util.ReflectionUtils.invokeMethod(ReflectionUtils.java:725)
	at org.junit.jupiter.engine.execution.MethodInvocation.proceed(MethodInvocation.java:60)
	at org.junit.jupiter.engine.execution.InvocationInterceptorChain$ValidatingInvocation.proceed(InvocationInterceptorChain.java:131)
	at ru.testit.listener.BaseJunit5Listener.interceptTestMethod(BaseJunit5Listener.java:222)
	at org.junit.jupiter.engine.execution.ExecutableInvoker$ReflectiveInterceptorCall.lambda$ofVoidMethod$0(ExecutableInvoker.java:115)
	at org.junit.jupiter.engine.execution.ExecutableInvoker.lambda$invoke$0(ExecutableInvoker.java:105)
	at org.junit.jupiter.engine.execution.InvocationInterceptorChain$InterceptedInvocation.proceed(InvocationInterceptorChain.java:106)
	at org.junit.jupiter.engine.extension.TimeoutExtension.intercept(TimeoutExtension.java:149)
	at org.junit.jupiter.engine.extension.TimeoutExtension.interceptTestableMethod(TimeoutExtension.java:140)
	at org.junit.jupiter.engine.extension.TimeoutExtension.interceptTestMethod(TimeoutExtension.java:84)
	at org.junit.jupiter.engine.execution.ExecutableInvoker$ReflectiveInterceptorCall.lambda$ofVoidMethod$0(ExecutableInvoker.java:115)
	at org.junit.jupiter.engine.execution.ExecutableInvoker.lambda$invoke$0(ExecutableInvoker.java:105)
	at org.junit.jupiter.engine.execution.InvocationInterceptorChain$InterceptedInvocation.proceed(InvocationInterceptorChain.java:106)
	at org.junit.jupiter.engine.execution.InvocationInterceptorChain.proceed(InvocationInterceptorChain.java:64)
	at org.junit.jupiter.engine.execution.InvocationInterceptorChain.chainAndInvoke(InvocationInterceptorChain.java:45)
	at org.junit.jupiter.engine.execution.InvocationInterceptorChain.invoke(InvocationInterceptorChain.java:37)
	at org.junit.jupiter.engine.execution.ExecutableInvoker.invoke(ExecutableInvoker.java:104)
	at org.junit.jupiter.engine.execution.ExecutableInvoker.invoke(ExecutableInvoker.java:98)
	at org.junit.jupiter.engine.descriptor.TestMethodTestDescriptor.lambda$invokeTestMethod$7(TestMethodTestDescriptor.java:214)
	at org.junit.platform.engine.support.hierarchical.ThrowableCollector.execute(ThrowableCollector.java:73)
	at org.junit.jupiter.engine.descriptor.TestMethodTestDescriptor.invokeTestMethod(TestMethodTestDescriptor.java:210)
	at org.junit.jupiter.engine.descriptor.TestMethodTestDescriptor.execute(TestMethodTestDescriptor.java:135)
	at org.junit.jupiter.engine.descriptor.TestMethodTestDescriptor.execute(TestMethodTestDescriptor.java:66)
	at org.junit.platform.engine.support.hierarchical.NodeTestTask.lambda$executeRecursively$6(NodeTestTask.java:151)
	at org.junit.platform.engine.support.hierarchical.ThrowableCollector.execute(ThrowableCollector.java:73)
	at org.junit.platform.engine.support.hierarchical.NodeTestTask.lambda$executeRecursively$8(NodeTestTask.java:141)
	at org.junit.platform.engine.support.hierarchical.Node.around(Node.java:137)
	at org.junit.platform.engine.support.hierarchical.NodeTestTask.lambda$executeRecursively$9(NodeTestTask.java:139)
	at org.junit.platform.engine.support.hierarchical.ThrowableCollector.execute(ThrowableCollector.java:73)
	at org.junit.platform.engine.support.hierarchical.NodeTestTask.executeRecursively(NodeTestTask.java:138)
	at org.junit.platform.engine.support.hierarchical.NodeTestTask.execute(NodeTestTask.java:95)
	at java.base/java.util.ArrayList.forEach(ArrayList.java:1604)
	at org.junit.platform.engine.support.hierarchical.SameThreadHierarchicalTestExecutorService.invokeAll(SameThreadHierarchicalTestExecutorService.java:41)
	at org.junit.platform.engine.support.hierarchical.NodeTestTask.lambda$executeRecursively$6(NodeTestTask.java:155)
	at org.junit.platform.engine.support.hierarchical.ThrowableCollector.execute(ThrowableCollector.java:73)
	at org.junit.platform.engine.support.hierarchical.NodeTestTask.lambda$executeRecursively$8(NodeTestTask.java:141)
	at org.junit.platform.engine.support.hierarchical.Node.around(Node.java:137)
	at org.junit.platform.engine.support.hierarchical.NodeTestTask.lambda$executeRecursively$9(NodeTestTask.java:139)
	at org.junit.platform.engine.support.hierarchical.ThrowableCollector.execute(ThrowableCollector.java:73)
	at org.junit.platform.engine.support.hierarchical.NodeTestTask.executeRecursively(NodeTestTask.java:138)
	at org.junit.platform.engine.support.hierarchical.NodeTestTask.execute(NodeTestTask.java:95)
	at java.base/java.util.ArrayList.forEach(ArrayList.java:1604)
	at org.junit.platform.engine.support.hierarchical.SameThreadHierarchicalTestExecutorService.invokeAll(SameThreadHierarchicalTestExecutorService.java:41)
	at org.junit.platform.engine.support.hierarchical.NodeTestTask.lambda$executeRecursively$6(NodeTestTask.java:155)
	at org.junit.platform.engine.support.hierarchical.ThrowableCollector.execute(ThrowableCollector.java:73)
	at org.junit.platform.engine.support.hierarchical.NodeTestTask.lambda$executeRecursively$8(NodeTestTask.java:141)
	at org.junit.platform.engine.support.hierarchical.Node.around(Node.java:137)
	at org.junit.platform.engine.support.hierarchical.NodeTestTask.lambda$executeRecursively$9(NodeTestTask.java:139)
	at org.junit.platform.engine.support.hierarchical.ThrowableCollector.execute(ThrowableCollector.java:73)
	at org.junit.platform.engine.support.hierarchical.NodeTestTask.executeRecursively(NodeTestTask.java:138)
	at org.junit.platform.engine.support.hierarchical.NodeTestTask.execute(NodeTestTask.java:95)
	at org.junit.platform.engine.support.hierarchical.SameThreadHierarchicalTestExecutorService.submit(SameThreadHierarchicalTestExecutorService.java:35)
	at org.junit.platform.engine.support.hierarchical.HierarchicalTestExecutor.execute(HierarchicalTestExecutor.java:57)
	at org.junit.platform.engine.support.hierarchical.HierarchicalTestEngine.execute(HierarchicalTestEngine.java:54)
	at org.junit.platform.launcher.core.EngineExecutionOrchestrator.execute(EngineExecutionOrchestrator.java:147)
	at org.junit.platform.launcher.core.EngineExecutionOrchestrator.execute(EngineExecutionOrchestrator.java:127)
	at org.junit.platform.launcher.core.EngineExecutionOrchestrator.execute(EngineExecutionOrchestrator.java:90)
	at org.junit.platform.launcher.core.EngineExecutionOrchestrator.lambda$execute$0(EngineExecutionOrchestrator.java:55)
	at org.junit.platform.launcher.core.EngineExecutionOrchestrator.withInterceptedStreams(EngineExecutionOrchestrator.java:102)
	at org.junit.platform.launcher.core.EngineExecutionOrchestrator.execute(EngineExecutionOrchestrator.java:54)
	at org.junit.platform.launcher.core.DefaultLauncher.execute(DefaultLauncher.java:114)
	at org.junit.platform.launcher.core.DefaultLauncher.execute(DefaultLauncher.java:86)
	at org.junit.platform.launcher.core.DefaultLauncherSession$DelegatingLauncher.execute(DefaultLauncherSession.java:86)
	at org.apache.maven.surefire.junitplatform.LazyLauncher.execute(LazyLauncher.java:56)
	at org.apache.maven.surefire.junitplatform.JUnitPlatformProvider.execute(JUnitPlatformProvider.java:184)
	at org.apache.maven.surefire.junitplatform.JUnitPlatformProvider.invokeAllTests(JUnitPlatformProvider.java:148)
	at org.apache.maven.surefire.junitplatform.JUnitPlatformProvider.invoke(JUnitPlatformProvider.java:122)
	at org.apache.maven.surefire.booter.ForkedBooter.runSuitesInProcess(ForkedBooter.java:385)
	at org.apache.maven.surefire.booter.ForkedBooter.execute(ForkedBooter.java:162)
	at org.apache.maven.surefire.booter.ForkedBooter.run(ForkedBooter.java:507)
	at org.apache.maven.surefire.booter.ForkedBooter.main(ForkedBooter.java:495)
]]></failure>
    <system-err><![CDATA[2025-08-09T18:58:56.914+0300 [main] DEBUG ru.testit.listener.BaseJunit5Listener - Intercept test: addMessage_failed
2025-08-09T18:58:56.914+0300 [main] DEBUG ru.testit.services.AdapterManager - Schedule test case class TestResult {
    uuid: 876bab38-1fdf-412f-a865-42a989851216
    externalId: 9D8409DC6C830921C7D3A5FC175173C4441A193A4B066FB19B6786B9A1EC0767
    workItemIds: []
    className: MethodTests
    spaceName: examples
    labels: []
    linkItems: []
    resultLinks: []
    attachments: []
    name: addMessage_failed
    title: null
    message: null
    itemStatus: null
    itemStage: SCHEDULED
    description: 
    steps: []
    throwable: null
    start: null
    stop: null
    parameters: null
    automaticCreationTestCases: true
    externalKey: examples.MethodTests.addMessage_failed
}
2025-08-09T18:58:56.914+0300 [main] DEBUG ru.testit.services.AdapterManager - Start test case class TestResult {
    uuid: 876bab38-1fdf-412f-a865-42a989851216
    externalId: 9D8409DC6C830921C7D3A5FC175173C4441A193A4B066FB19B6786B9A1EC0767
    workItemIds: []
    className: MethodTests
    spaceName: examples
    labels: []
    linkItems: []
    resultLinks: []
    attachments: []
    name: addMessage_failed
    title: null
    message: null
    itemStatus: null
    itemStage: RUNNING
    description: 
    steps: []
    throwable: null
    start: 1754755136914
    stop: null
    parameters: null
    automaticCreationTestCases: true
    externalKey: examples.MethodTests.addMessage_failed
}
2025-08-09T18:58:56.914+0300 [main] DEBUG ru.testit.services.AdapterManager - Update class container 15F6F2F5760FBE69974EF59280D08B03083F395C835CDABDD2E6B76CE30D591E
2025-08-09T18:58:56.914+0300 [main] DEBUG ru.testit.services.AdapterManager - Update test case 876bab38-1fdf-412f-a865-42a989851216
2025-08-09T18:58:56.915+0300 [main] DEBUG ru.testit.listener.BaseJunit5Listener - Test failed: addMessage_failed()
2025-08-09T18:58:56.915+0300 [main] DEBUG ru.testit.services.AdapterManager - Update test case 876bab38-1fdf-412f-a865-42a989851216
2025-08-09T18:58:56.915+0300 [main] DEBUG ru.testit.services.AdapterManager - Stop test case class TestResult {
    uuid: 876bab38-1fdf-412f-a865-42a989851216
    externalId: 9D8409DC6C830921C7D3A5FC175173C4441A193A4B066FB19B6786B9A1EC0767
    workItemIds: []
    className: MethodTests
    spaceName: examples
    labels: []
    linkItems: []
    resultLinks: []
    attachments: []
    name: addMessage_failed
    title: null
    message: Message
    itemStatus: FAILED
    itemStage: FINISHED
    description: 
    steps: []
    throwable: org.opentest4j.AssertionFailedError
    start: 1754755136914
    stop: 1754755136915
    parameters: null
    automaticCreationTestCases: true
    externalKey: examples.MethodTests.addMessage_failed
}
2025-08-09T18:58:56.915+0300 [main] DEBUG ru.testit.writers.HttpWriter - Write the auto test 9D8409DC6C830921C7D3A5FC175173C4441A193A4B066FB19B6786B9A1EC0767
2025-08-09T18:58:56.985+0300 [main] DEBUG ru.testit.writers.HttpWriter - Preparing to create the auto test 9D8409DC6C830921C7D3A5FC175173C4441A193A4B066FB19B6786B9A1EC0767
2025-08-09T18:58:57.343+0300 [main] DEBUG ru.testit.writers.HttpWriter - Preparing the test result for the auto test 9D8409DC6C830921C7D3A5FC175173C4441A193A4B066FB19B6786B9A1EC0767
]]></system-err>
  </testcase>
  <testcase name="allMethods_success" classname="examples.MethodTests" time="1.006">
    <system-err><![CDATA[2025-08-09T18:58:57.616+0300 [main] DEBUG ru.testit.listener.BaseJunit5Listener - Intercept test: allMethods_success
2025-08-09T18:58:57.616+0300 [main] DEBUG ru.testit.services.AdapterManager - Schedule test case class TestResult {
    uuid: 00db8ac0-0a3c-47e9-b267-4423c223d80e
    externalId: 5EB9AADC7BFAFB544B52D54F84C8FF8AD31EAF7CC8873857875CC3F4F201478B
    workItemIds: []
    className: MethodTests
    spaceName: examples
    labels: []
    linkItems: []
    resultLinks: []
    attachments: []
    name: allMethods_success
    title: null
    message: null
    itemStatus: null
    itemStage: SCHEDULED
    description: 
    steps: []
    throwable: null
    start: null
    stop: null
    parameters: null
    automaticCreationTestCases: true
    externalKey: examples.MethodTests.allMethods_success
}
2025-08-09T18:58:57.616+0300 [main] DEBUG ru.testit.services.AdapterManager - Start test case class TestResult {
    uuid: 00db8ac0-0a3c-47e9-b267-4423c223d80e
    externalId: 5EB9AADC7BFAFB544B52D54F84C8FF8AD31EAF7CC8873857875CC3F4F201478B
    workItemIds: []
    className: MethodTests
    spaceName: examples
    labels: []
    linkItems: []
    resultLinks: []
    attachments: []
    name: allMethods_success
    title: null
    message: null
    itemStatus: null
    itemStage: RUNNING
    description: 
    steps: []
    throwable: null
    start: 1754755137616
    stop: null
    parameters: null
    automaticCreationTestCases: true
    externalKey: examples.MethodTests.allMethods_success
}
2025-08-09T18:58:57.616+0300 [main] DEBUG ru.testit.services.AdapterManager - Update class container 15F6F2F5760FBE69974EF59280D08B03083F395C835CDABDD2E6B76CE30D591E
2025-08-09T18:58:57.617+0300 [main] DEBUG ru.testit.services.AdapterManager - Update test case 00db8ac0-0a3c-47e9-b267-4423c223d80e
2025-08-09T18:58:57.617+0300 [main] DEBUG ru.testit.services.AdapterManager - Update test case 00db8ac0-0a3c-47e9-b267-4423c223d80e
2025-08-09T18:58:57.805+0300 [main] ERROR ru.testit.writers.HttpWriter - Can not write attachment: Message: java.io.FileNotFoundException: C:\Users\denis.makhanko\Documents\Integrations\Test%20IT%20Cloud%20Java\maven-junit5\target\test-classes\attachments\file02.txt (Системе не удается найти указанный путь)
HTTP response code: 0
HTTP response body: null
HTTP response headers: null
2025-08-09T18:58:57.808+0300 [main] ERROR ru.testit.writers.HttpWriter - Can not write attachment: Message: java.io.FileNotFoundException: C:\Users\denis.makhanko\Documents\Integrations\Test%20IT%20Cloud%20Java\maven-junit5\target\test-classes\attachments\file03.txt (Системе не удается найти указанный путь)
HTTP response code: 0
HTTP response body: null
HTTP response headers: null
2025-08-09T18:58:57.809+0300 [main] DEBUG ru.testit.services.AdapterManager - Update test case 00db8ac0-0a3c-47e9-b267-4423c223d80e
2025-08-09T18:58:57.809+0300 [main] DEBUG ru.testit.listener.BaseJunit5Listener - Test successful: allMethods_success()
2025-08-09T18:58:57.810+0300 [main] DEBUG ru.testit.services.AdapterManager - Update test case 00db8ac0-0a3c-47e9-b267-4423c223d80e
2025-08-09T18:58:57.810+0300 [main] DEBUG ru.testit.services.AdapterManager - Stop test case class TestResult {
    uuid: 00db8ac0-0a3c-47e9-b267-4423c223d80e
    externalId: 5EB9AADC7BFAFB544B52D54F84C8FF8AD31EAF7CC8873857875CC3F4F201478B
    workItemIds: []
    className: MethodTests
    spaceName: examples
    labels: []
    linkItems: []
    resultLinks: [class LinkItem {
        title: Example01
        url: https://test01.example
        description: Example01 description
        type: ISSUE
    }, class LinkItem {
        title: Example02
        url: https://test02.example
        description: Example02 description
        type: ISSUE
    }]
    attachments: [01988f8e-8479-712c-a273-fe088d9ffe34]
    name: allMethods_success
    title: null
    message: Message
    itemStatus: PASSED
    itemStage: FINISHED
    description: 
    steps: []
    throwable: null
    start: 1754755137616
    stop: 1754755137810
    parameters: null
    automaticCreationTestCases: true
    externalKey: examples.MethodTests.allMethods_success
}
2025-08-09T18:58:57.810+0300 [main] DEBUG ru.testit.writers.HttpWriter - Write the auto test 5EB9AADC7BFAFB544B52D54F84C8FF8AD31EAF7CC8873857875CC3F4F201478B
2025-08-09T18:58:57.881+0300 [main] DEBUG ru.testit.writers.HttpWriter - Preparing to create the auto test 5EB9AADC7BFAFB544B52D54F84C8FF8AD31EAF7CC8873857875CC3F4F201478B
2025-08-09T18:58:58.301+0300 [main] DEBUG ru.testit.writers.HttpWriter - Preparing the test result for the auto test 5EB9AADC7BFAFB544B52D54F84C8FF8AD31EAF7CC8873857875CC3F4F201478B
]]></system-err>
  </testcase>
  <testcase name="addAttachments_failed" classname="examples.MethodTests" time="1.142">
    <failure type="org.opentest4j.AssertionFailedError&#10;	at org.junit.jupiter.api.AssertionUtils.fail(AssertionUtils.java"><![CDATA[org.opentest4j.AssertionFailedError
	at org.junit.jupiter.api.AssertionUtils.fail(AssertionUtils.java:35)
	at org.junit.jupiter.api.Assertions.fail(Assertions.java:115)
	at examples.MethodTests.addAttachments_failed(MethodTests.java:50)
	at java.base/jdk.internal.reflect.DirectMethodHandleAccessor.invoke(DirectMethodHandleAccessor.java:104)
	at java.base/java.lang.reflect.Method.invoke(Method.java:565)
	at org.junit.platform.commons.util.ReflectionUtils.invokeMethod(ReflectionUtils.java:725)
	at org.junit.jupiter.engine.execution.MethodInvocation.proceed(MethodInvocation.java:60)
	at org.junit.jupiter.engine.execution.InvocationInterceptorChain$ValidatingInvocation.proceed(InvocationInterceptorChain.java:131)
	at ru.testit.listener.BaseJunit5Listener.interceptTestMethod(BaseJunit5Listener.java:222)
	at org.junit.jupiter.engine.execution.ExecutableInvoker$ReflectiveInterceptorCall.lambda$ofVoidMethod$0(ExecutableInvoker.java:115)
	at org.junit.jupiter.engine.execution.ExecutableInvoker.lambda$invoke$0(ExecutableInvoker.java:105)
	at org.junit.jupiter.engine.execution.InvocationInterceptorChain$InterceptedInvocation.proceed(InvocationInterceptorChain.java:106)
	at org.junit.jupiter.engine.extension.TimeoutExtension.intercept(TimeoutExtension.java:149)
	at org.junit.jupiter.engine.extension.TimeoutExtension.interceptTestableMethod(TimeoutExtension.java:140)
	at org.junit.jupiter.engine.extension.TimeoutExtension.interceptTestMethod(TimeoutExtension.java:84)
	at org.junit.jupiter.engine.execution.ExecutableInvoker$ReflectiveInterceptorCall.lambda$ofVoidMethod$0(ExecutableInvoker.java:115)
	at org.junit.jupiter.engine.execution.ExecutableInvoker.lambda$invoke$0(ExecutableInvoker.java:105)
	at org.junit.jupiter.engine.execution.InvocationInterceptorChain$InterceptedInvocation.proceed(InvocationInterceptorChain.java:106)
	at org.junit.jupiter.engine.execution.InvocationInterceptorChain.proceed(InvocationInterceptorChain.java:64)
	at org.junit.jupiter.engine.execution.InvocationInterceptorChain.chainAndInvoke(InvocationInterceptorChain.java:45)
	at org.junit.jupiter.engine.execution.InvocationInterceptorChain.invoke(InvocationInterceptorChain.java:37)
	at org.junit.jupiter.engine.execution.ExecutableInvoker.invoke(ExecutableInvoker.java:104)
	at org.junit.jupiter.engine.execution.ExecutableInvoker.invoke(ExecutableInvoker.java:98)
	at org.junit.jupiter.engine.descriptor.TestMethodTestDescriptor.lambda$invokeTestMethod$7(TestMethodTestDescriptor.java:214)
	at org.junit.platform.engine.support.hierarchical.ThrowableCollector.execute(ThrowableCollector.java:73)
	at org.junit.jupiter.engine.descriptor.TestMethodTestDescriptor.invokeTestMethod(TestMethodTestDescriptor.java:210)
	at org.junit.jupiter.engine.descriptor.TestMethodTestDescriptor.execute(TestMethodTestDescriptor.java:135)
	at org.junit.jupiter.engine.descriptor.TestMethodTestDescriptor.execute(TestMethodTestDescriptor.java:66)
	at org.junit.platform.engine.support.hierarchical.NodeTestTask.lambda$executeRecursively$6(NodeTestTask.java:151)
	at org.junit.platform.engine.support.hierarchical.ThrowableCollector.execute(ThrowableCollector.java:73)
	at org.junit.platform.engine.support.hierarchical.NodeTestTask.lambda$executeRecursively$8(NodeTestTask.java:141)
	at org.junit.platform.engine.support.hierarchical.Node.around(Node.java:137)
	at org.junit.platform.engine.support.hierarchical.NodeTestTask.lambda$executeRecursively$9(NodeTestTask.java:139)
	at org.junit.platform.engine.support.hierarchical.ThrowableCollector.execute(ThrowableCollector.java:73)
	at org.junit.platform.engine.support.hierarchical.NodeTestTask.executeRecursively(NodeTestTask.java:138)
	at org.junit.platform.engine.support.hierarchical.NodeTestTask.execute(NodeTestTask.java:95)
	at java.base/java.util.ArrayList.forEach(ArrayList.java:1604)
	at org.junit.platform.engine.support.hierarchical.SameThreadHierarchicalTestExecutorService.invokeAll(SameThreadHierarchicalTestExecutorService.java:41)
	at org.junit.platform.engine.support.hierarchical.NodeTestTask.lambda$executeRecursively$6(NodeTestTask.java:155)
	at org.junit.platform.engine.support.hierarchical.ThrowableCollector.execute(ThrowableCollector.java:73)
	at org.junit.platform.engine.support.hierarchical.NodeTestTask.lambda$executeRecursively$8(NodeTestTask.java:141)
	at org.junit.platform.engine.support.hierarchical.Node.around(Node.java:137)
	at org.junit.platform.engine.support.hierarchical.NodeTestTask.lambda$executeRecursively$9(NodeTestTask.java:139)
	at org.junit.platform.engine.support.hierarchical.ThrowableCollector.execute(ThrowableCollector.java:73)
	at org.junit.platform.engine.support.hierarchical.NodeTestTask.executeRecursively(NodeTestTask.java:138)
	at org.junit.platform.engine.support.hierarchical.NodeTestTask.execute(NodeTestTask.java:95)
	at java.base/java.util.ArrayList.forEach(ArrayList.java:1604)
	at org.junit.platform.engine.support.hierarchical.SameThreadHierarchicalTestExecutorService.invokeAll(SameThreadHierarchicalTestExecutorService.java:41)
	at org.junit.platform.engine.support.hierarchical.NodeTestTask.lambda$executeRecursively$6(NodeTestTask.java:155)
	at org.junit.platform.engine.support.hierarchical.ThrowableCollector.execute(ThrowableCollector.java:73)
	at org.junit.platform.engine.support.hierarchical.NodeTestTask.lambda$executeRecursively$8(NodeTestTask.java:141)
	at org.junit.platform.engine.support.hierarchical.Node.around(Node.java:137)
	at org.junit.platform.engine.support.hierarchical.NodeTestTask.lambda$executeRecursively$9(NodeTestTask.java:139)
	at org.junit.platform.engine.support.hierarchical.ThrowableCollector.execute(ThrowableCollector.java:73)
	at org.junit.platform.engine.support.hierarchical.NodeTestTask.executeRecursively(NodeTestTask.java:138)
	at org.junit.platform.engine.support.hierarchical.NodeTestTask.execute(NodeTestTask.java:95)
	at org.junit.platform.engine.support.hierarchical.SameThreadHierarchicalTestExecutorService.submit(SameThreadHierarchicalTestExecutorService.java:35)
	at org.junit.platform.engine.support.hierarchical.HierarchicalTestExecutor.execute(HierarchicalTestExecutor.java:57)
	at org.junit.platform.engine.support.hierarchical.HierarchicalTestEngine.execute(HierarchicalTestEngine.java:54)
	at org.junit.platform.launcher.core.EngineExecutionOrchestrator.execute(EngineExecutionOrchestrator.java:147)
	at org.junit.platform.launcher.core.EngineExecutionOrchestrator.execute(EngineExecutionOrchestrator.java:127)
	at org.junit.platform.launcher.core.EngineExecutionOrchestrator.execute(EngineExecutionOrchestrator.java:90)
	at org.junit.platform.launcher.core.EngineExecutionOrchestrator.lambda$execute$0(EngineExecutionOrchestrator.java:55)
	at org.junit.platform.launcher.core.EngineExecutionOrchestrator.withInterceptedStreams(EngineExecutionOrchestrator.java:102)
	at org.junit.platform.launcher.core.EngineExecutionOrchestrator.execute(EngineExecutionOrchestrator.java:54)
	at org.junit.platform.launcher.core.DefaultLauncher.execute(DefaultLauncher.java:114)
	at org.junit.platform.launcher.core.DefaultLauncher.execute(DefaultLauncher.java:86)
	at org.junit.platform.launcher.core.DefaultLauncherSession$DelegatingLauncher.execute(DefaultLauncherSession.java:86)
	at org.apache.maven.surefire.junitplatform.LazyLauncher.execute(LazyLauncher.java:56)
	at org.apache.maven.surefire.junitplatform.JUnitPlatformProvider.execute(JUnitPlatformProvider.java:184)
	at org.apache.maven.surefire.junitplatform.JUnitPlatformProvider.invokeAllTests(JUnitPlatformProvider.java:148)
	at org.apache.maven.surefire.junitplatform.JUnitPlatformProvider.invoke(JUnitPlatformProvider.java:122)
	at org.apache.maven.surefire.booter.ForkedBooter.runSuitesInProcess(ForkedBooter.java:385)
	at org.apache.maven.surefire.booter.ForkedBooter.execute(ForkedBooter.java:162)
	at org.apache.maven.surefire.booter.ForkedBooter.run(ForkedBooter.java:507)
	at org.apache.maven.surefire.booter.ForkedBooter.main(ForkedBooter.java:495)
]]></failure>
    <system-err><![CDATA[2025-08-09T18:58:58.622+0300 [main] DEBUG ru.testit.listener.BaseJunit5Listener - Intercept test: addAttachments_failed
2025-08-09T18:58:58.622+0300 [main] DEBUG ru.testit.services.AdapterManager - Schedule test case class TestResult {
    uuid: fe35b593-a474-4c84-8388-ce7ae4e4a7f3
    externalId: 52F5B02427AEEBEE143FDA768E36E434590B591C8B09B3C839CE4AA0D24C8EDB
    workItemIds: []
    className: MethodTests
    spaceName: examples
    labels: []
    linkItems: []
    resultLinks: []
    attachments: []
    name: addAttachments_failed
    title: null
    message: null
    itemStatus: null
    itemStage: SCHEDULED
    description: 
    steps: []
    throwable: null
    start: null
    stop: null
    parameters: null
    automaticCreationTestCases: true
    externalKey: examples.MethodTests.addAttachments_failed
}
2025-08-09T18:58:58.623+0300 [main] DEBUG ru.testit.services.AdapterManager - Start test case class TestResult {
    uuid: fe35b593-a474-4c84-8388-ce7ae4e4a7f3
    externalId: 52F5B02427AEEBEE143FDA768E36E434590B591C8B09B3C839CE4AA0D24C8EDB
    workItemIds: []
    className: MethodTests
    spaceName: examples
    labels: []
    linkItems: []
    resultLinks: []
    attachments: []
    name: addAttachments_failed
    title: null
    message: null
    itemStatus: null
    itemStage: RUNNING
    description: 
    steps: []
    throwable: null
    start: 1754755138623
    stop: null
    parameters: null
    automaticCreationTestCases: true
    externalKey: examples.MethodTests.addAttachments_failed
}
2025-08-09T18:58:58.623+0300 [main] DEBUG ru.testit.services.AdapterManager - Update class container 15F6F2F5760FBE69974EF59280D08B03083F395C835CDABDD2E6B76CE30D591E
2025-08-09T18:58:58.803+0300 [main] ERROR ru.testit.writers.HttpWriter - Can not write attachment: Message: java.io.FileNotFoundException: C:\Users\denis.makhanko\Documents\Integrations\Test%20IT%20Cloud%20Java\maven-junit5\target\test-classes\attachments\file02.txt (Системе не удается найти указанный путь)
HTTP response code: 0
HTTP response body: null
HTTP response headers: null
2025-08-09T18:58:58.804+0300 [main] ERROR ru.testit.writers.HttpWriter - Can not write attachment: Message: java.io.FileNotFoundException: C:\Users\denis.makhanko\Documents\Integrations\Test%20IT%20Cloud%20Java\maven-junit5\target\test-classes\attachments\file03.txt (Системе не удается найти указанный путь)
HTTP response code: 0
HTTP response body: null
HTTP response headers: null
2025-08-09T18:58:58.806+0300 [main] DEBUG ru.testit.listener.BaseJunit5Listener - Test failed: addAttachments_failed()
2025-08-09T18:58:58.807+0300 [main] DEBUG ru.testit.services.AdapterManager - Update test case fe35b593-a474-4c84-8388-ce7ae4e4a7f3
2025-08-09T18:58:58.807+0300 [main] DEBUG ru.testit.services.AdapterManager - Stop test case class TestResult {
    uuid: fe35b593-a474-4c84-8388-ce7ae4e4a7f3
    externalId: 52F5B02427AEEBEE143FDA768E36E434590B591C8B09B3C839CE4AA0D24C8EDB
    workItemIds: []
    className: MethodTests
    spaceName: examples
    labels: []
    linkItems: []
    resultLinks: []
    attachments: [01988f8e-886f-712a-b645-41c725112e11]
    name: addAttachments_failed
    title: null
    message: null
    itemStatus: FAILED
    itemStage: FINISHED
    description: 
    steps: []
    throwable: org.opentest4j.AssertionFailedError
    start: 1754755138623
    stop: 1754755138807
    parameters: null
    automaticCreationTestCases: true
    externalKey: examples.MethodTests.addAttachments_failed
}
2025-08-09T18:58:58.807+0300 [main] DEBUG ru.testit.writers.HttpWriter - Write the auto test 52F5B02427AEEBEE143FDA768E36E434590B591C8B09B3C839CE4AA0D24C8EDB
2025-08-09T18:58:58.860+0300 [main] DEBUG ru.testit.writers.HttpWriter - Preparing to create the auto test 52F5B02427AEEBEE143FDA768E36E434590B591C8B09B3C839CE4AA0D24C8EDB
2025-08-09T18:58:59.430+0300 [main] DEBUG ru.testit.writers.HttpWriter - Preparing the test result for the auto test 52F5B02427AEEBEE143FDA768E36E434590B591C8B09B3C839CE4AA0D24C8EDB
]]></system-err>
  </testcase>
  <testcase name="addLinks_failed" classname="examples.MethodTests" time="0.858">
    <failure type="org.opentest4j.AssertionFailedError&#10;	at org.junit.jupiter.api.AssertionUtils.fail(AssertionUtils.java"><![CDATA[org.opentest4j.AssertionFailedError
	at org.junit.jupiter.api.AssertionUtils.fail(AssertionUtils.java:35)
	at org.junit.jupiter.api.Assertions.fail(Assertions.java:115)
	at examples.MethodTests.addLinks_failed(MethodTests.java:26)
	at java.base/jdk.internal.reflect.DirectMethodHandleAccessor.invoke(DirectMethodHandleAccessor.java:104)
	at java.base/java.lang.reflect.Method.invoke(Method.java:565)
	at org.junit.platform.commons.util.ReflectionUtils.invokeMethod(ReflectionUtils.java:725)
	at org.junit.jupiter.engine.execution.MethodInvocation.proceed(MethodInvocation.java:60)
	at org.junit.jupiter.engine.execution.InvocationInterceptorChain$ValidatingInvocation.proceed(InvocationInterceptorChain.java:131)
	at ru.testit.listener.BaseJunit5Listener.interceptTestMethod(BaseJunit5Listener.java:222)
	at org.junit.jupiter.engine.execution.ExecutableInvoker$ReflectiveInterceptorCall.lambda$ofVoidMethod$0(ExecutableInvoker.java:115)
	at org.junit.jupiter.engine.execution.ExecutableInvoker.lambda$invoke$0(ExecutableInvoker.java:105)
	at org.junit.jupiter.engine.execution.InvocationInterceptorChain$InterceptedInvocation.proceed(InvocationInterceptorChain.java:106)
	at org.junit.jupiter.engine.extension.TimeoutExtension.intercept(TimeoutExtension.java:149)
	at org.junit.jupiter.engine.extension.TimeoutExtension.interceptTestableMethod(TimeoutExtension.java:140)
	at org.junit.jupiter.engine.extension.TimeoutExtension.interceptTestMethod(TimeoutExtension.java:84)
	at org.junit.jupiter.engine.execution.ExecutableInvoker$ReflectiveInterceptorCall.lambda$ofVoidMethod$0(ExecutableInvoker.java:115)
	at org.junit.jupiter.engine.execution.ExecutableInvoker.lambda$invoke$0(ExecutableInvoker.java:105)
	at org.junit.jupiter.engine.execution.InvocationInterceptorChain$InterceptedInvocation.proceed(InvocationInterceptorChain.java:106)
	at org.junit.jupiter.engine.execution.InvocationInterceptorChain.proceed(InvocationInterceptorChain.java:64)
	at org.junit.jupiter.engine.execution.InvocationInterceptorChain.chainAndInvoke(InvocationInterceptorChain.java:45)
	at org.junit.jupiter.engine.execution.InvocationInterceptorChain.invoke(InvocationInterceptorChain.java:37)
	at org.junit.jupiter.engine.execution.ExecutableInvoker.invoke(ExecutableInvoker.java:104)
	at org.junit.jupiter.engine.execution.ExecutableInvoker.invoke(ExecutableInvoker.java:98)
	at org.junit.jupiter.engine.descriptor.TestMethodTestDescriptor.lambda$invokeTestMethod$7(TestMethodTestDescriptor.java:214)
	at org.junit.platform.engine.support.hierarchical.ThrowableCollector.execute(ThrowableCollector.java:73)
	at org.junit.jupiter.engine.descriptor.TestMethodTestDescriptor.invokeTestMethod(TestMethodTestDescriptor.java:210)
	at org.junit.jupiter.engine.descriptor.TestMethodTestDescriptor.execute(TestMethodTestDescriptor.java:135)
	at org.junit.jupiter.engine.descriptor.TestMethodTestDescriptor.execute(TestMethodTestDescriptor.java:66)
	at org.junit.platform.engine.support.hierarchical.NodeTestTask.lambda$executeRecursively$6(NodeTestTask.java:151)
	at org.junit.platform.engine.support.hierarchical.ThrowableCollector.execute(ThrowableCollector.java:73)
	at org.junit.platform.engine.support.hierarchical.NodeTestTask.lambda$executeRecursively$8(NodeTestTask.java:141)
	at org.junit.platform.engine.support.hierarchical.Node.around(Node.java:137)
	at org.junit.platform.engine.support.hierarchical.NodeTestTask.lambda$executeRecursively$9(NodeTestTask.java:139)
	at org.junit.platform.engine.support.hierarchical.ThrowableCollector.execute(ThrowableCollector.java:73)
	at org.junit.platform.engine.support.hierarchical.NodeTestTask.executeRecursively(NodeTestTask.java:138)
	at org.junit.platform.engine.support.hierarchical.NodeTestTask.execute(NodeTestTask.java:95)
	at java.base/java.util.ArrayList.forEach(ArrayList.java:1604)
	at org.junit.platform.engine.support.hierarchical.SameThreadHierarchicalTestExecutorService.invokeAll(SameThreadHierarchicalTestExecutorService.java:41)
	at org.junit.platform.engine.support.hierarchical.NodeTestTask.lambda$executeRecursively$6(NodeTestTask.java:155)
	at org.junit.platform.engine.support.hierarchical.ThrowableCollector.execute(ThrowableCollector.java:73)
	at org.junit.platform.engine.support.hierarchical.NodeTestTask.lambda$executeRecursively$8(NodeTestTask.java:141)
	at org.junit.platform.engine.support.hierarchical.Node.around(Node.java:137)
	at org.junit.platform.engine.support.hierarchical.NodeTestTask.lambda$executeRecursively$9(NodeTestTask.java:139)
	at org.junit.platform.engine.support.hierarchical.ThrowableCollector.execute(ThrowableCollector.java:73)
	at org.junit.platform.engine.support.hierarchical.NodeTestTask.executeRecursively(NodeTestTask.java:138)
	at org.junit.platform.engine.support.hierarchical.NodeTestTask.execute(NodeTestTask.java:95)
	at java.base/java.util.ArrayList.forEach(ArrayList.java:1604)
	at org.junit.platform.engine.support.hierarchical.SameThreadHierarchicalTestExecutorService.invokeAll(SameThreadHierarchicalTestExecutorService.java:41)
	at org.junit.platform.engine.support.hierarchical.NodeTestTask.lambda$executeRecursively$6(NodeTestTask.java:155)
	at org.junit.platform.engine.support.hierarchical.ThrowableCollector.execute(ThrowableCollector.java:73)
	at org.junit.platform.engine.support.hierarchical.NodeTestTask.lambda$executeRecursively$8(NodeTestTask.java:141)
	at org.junit.platform.engine.support.hierarchical.Node.around(Node.java:137)
	at org.junit.platform.engine.support.hierarchical.NodeTestTask.lambda$executeRecursively$9(NodeTestTask.java:139)
	at org.junit.platform.engine.support.hierarchical.ThrowableCollector.execute(ThrowableCollector.java:73)
	at org.junit.platform.engine.support.hierarchical.NodeTestTask.executeRecursively(NodeTestTask.java:138)
	at org.junit.platform.engine.support.hierarchical.NodeTestTask.execute(NodeTestTask.java:95)
	at org.junit.platform.engine.support.hierarchical.SameThreadHierarchicalTestExecutorService.submit(SameThreadHierarchicalTestExecutorService.java:35)
	at org.junit.platform.engine.support.hierarchical.HierarchicalTestExecutor.execute(HierarchicalTestExecutor.java:57)
	at org.junit.platform.engine.support.hierarchical.HierarchicalTestEngine.execute(HierarchicalTestEngine.java:54)
	at org.junit.platform.launcher.core.EngineExecutionOrchestrator.execute(EngineExecutionOrchestrator.java:147)
	at org.junit.platform.launcher.core.EngineExecutionOrchestrator.execute(EngineExecutionOrchestrator.java:127)
	at org.junit.platform.launcher.core.EngineExecutionOrchestrator.execute(EngineExecutionOrchestrator.java:90)
	at org.junit.platform.launcher.core.EngineExecutionOrchestrator.lambda$execute$0(EngineExecutionOrchestrator.java:55)
	at org.junit.platform.launcher.core.EngineExecutionOrchestrator.withInterceptedStreams(EngineExecutionOrchestrator.java:102)
	at org.junit.platform.launcher.core.EngineExecutionOrchestrator.execute(EngineExecutionOrchestrator.java:54)
	at org.junit.platform.launcher.core.DefaultLauncher.execute(DefaultLauncher.java:114)
	at org.junit.platform.launcher.core.DefaultLauncher.execute(DefaultLauncher.java:86)
	at org.junit.platform.launcher.core.DefaultLauncherSession$DelegatingLauncher.execute(DefaultLauncherSession.java:86)
	at org.apache.maven.surefire.junitplatform.LazyLauncher.execute(LazyLauncher.java:56)
	at org.apache.maven.surefire.junitplatform.JUnitPlatformProvider.execute(JUnitPlatformProvider.java:184)
	at org.apache.maven.surefire.junitplatform.JUnitPlatformProvider.invokeAllTests(JUnitPlatformProvider.java:148)
	at org.apache.maven.surefire.junitplatform.JUnitPlatformProvider.invoke(JUnitPlatformProvider.java:122)
	at org.apache.maven.surefire.booter.ForkedBooter.runSuitesInProcess(ForkedBooter.java:385)
	at org.apache.maven.surefire.booter.ForkedBooter.execute(ForkedBooter.java:162)
	at org.apache.maven.surefire.booter.ForkedBooter.run(ForkedBooter.java:507)
	at org.apache.maven.surefire.booter.ForkedBooter.main(ForkedBooter.java:495)
]]></failure>
    <system-err><![CDATA[2025-08-09T18:58:59.769+0300 [main] DEBUG ru.testit.listener.BaseJunit5Listener - Intercept test: addLinks_failed
2025-08-09T18:58:59.770+0300 [main] DEBUG ru.testit.services.AdapterManager - Schedule test case class TestResult {
    uuid: dc4a2b7a-a888-4afe-92d4-f88cba384002
    externalId: 15B76ED7452C2325FF1E005DEC6EB42DE5BCBA3B3ACA5FBC376E69A617EB5AF8
    workItemIds: []
    className: MethodTests
    spaceName: examples
    labels: []
    linkItems: []
    resultLinks: []
    attachments: []
    name: addLinks_failed
    title: null
    message: null
    itemStatus: null
    itemStage: SCHEDULED
    description: 
    steps: []
    throwable: null
    start: null
    stop: null
    parameters: null
    automaticCreationTestCases: true
    externalKey: examples.MethodTests.addLinks_failed
}
2025-08-09T18:58:59.770+0300 [main] DEBUG ru.testit.services.AdapterManager - Start test case class TestResult {
    uuid: dc4a2b7a-a888-4afe-92d4-f88cba384002
    externalId: 15B76ED7452C2325FF1E005DEC6EB42DE5BCBA3B3ACA5FBC376E69A617EB5AF8
    workItemIds: []
    className: MethodTests
    spaceName: examples
    labels: []
    linkItems: []
    resultLinks: []
    attachments: []
    name: addLinks_failed
    title: null
    message: null
    itemStatus: null
    itemStage: RUNNING
    description: 
    steps: []
    throwable: null
    start: 1754755139770
    stop: null
    parameters: null
    automaticCreationTestCases: true
    externalKey: examples.MethodTests.addLinks_failed
}
2025-08-09T18:58:59.771+0300 [main] DEBUG ru.testit.services.AdapterManager - Update class container 15F6F2F5760FBE69974EF59280D08B03083F395C835CDABDD2E6B76CE30D591E
2025-08-09T18:58:59.772+0300 [main] DEBUG ru.testit.services.AdapterManager - Update test case dc4a2b7a-a888-4afe-92d4-f88cba384002
2025-08-09T18:58:59.772+0300 [main] DEBUG ru.testit.services.AdapterManager - Update test case dc4a2b7a-a888-4afe-92d4-f88cba384002
2025-08-09T18:58:59.773+0300 [main] DEBUG ru.testit.listener.BaseJunit5Listener - Test failed: addLinks_failed()
2025-08-09T18:58:59.773+0300 [main] DEBUG ru.testit.services.AdapterManager - Update test case dc4a2b7a-a888-4afe-92d4-f88cba384002
2025-08-09T18:58:59.773+0300 [main] DEBUG ru.testit.services.AdapterManager - Stop test case class TestResult {
    uuid: dc4a2b7a-a888-4afe-92d4-f88cba384002
    externalId: 15B76ED7452C2325FF1E005DEC6EB42DE5BCBA3B3ACA5FBC376E69A617EB5AF8
    workItemIds: []
    className: MethodTests
    spaceName: examples
    labels: []
    linkItems: []
    resultLinks: [class LinkItem {
        title: Example01
        url: https://test01.example
        description: Example01 description
        type: ISSUE
    }, class LinkItem {
        title: Example02
        url: https://test02.example
        description: Example02 description
        type: ISSUE
    }]
    attachments: []
    name: addLinks_failed
    title: null
    message: null
    itemStatus: FAILED
    itemStage: FINISHED
    description: 
    steps: []
    throwable: org.opentest4j.AssertionFailedError
    start: 1754755139770
    stop: 1754755139773
    parameters: null
    automaticCreationTestCases: true
    externalKey: examples.MethodTests.addLinks_failed
}
2025-08-09T18:58:59.773+0300 [main] DEBUG ru.testit.writers.HttpWriter - Write the auto test 15B76ED7452C2325FF1E005DEC6EB42DE5BCBA3B3ACA5FBC376E69A617EB5AF8
2025-08-09T18:58:59.832+0300 [main] DEBUG ru.testit.writers.HttpWriter - Preparing to create the auto test 15B76ED7452C2325FF1E005DEC6EB42DE5BCBA3B3ACA5FBC376E69A617EB5AF8
2025-08-09T18:59:00.300+0300 [main] DEBUG ru.testit.writers.HttpWriter - Preparing the test result for the auto test 15B76ED7452C2325FF1E005DEC6EB42DE5BCBA3B3ACA5FBC376E69A617EB5AF8
]]></system-err>
  </testcase>
  <testcase name="addMessage_success" classname="examples.MethodTests" time="1.074">
    <system-err><![CDATA[2025-08-09T18:59:00.628+0300 [main] DEBUG ru.testit.listener.BaseJunit5Listener - Intercept test: addMessage_success
2025-08-09T18:59:00.629+0300 [main] DEBUG ru.testit.services.AdapterManager - Schedule test case class TestResult {
    uuid: 9f2b8c90-a340-48bb-9596-6d622616a0c1
    externalId: 5477CCF7B525652BD235A711F22D1E84DE9DDEACBC5BFB9AF7EBA8D7AFB37B3D
    workItemIds: []
    className: MethodTests
    spaceName: examples
    labels: []
    linkItems: []
    resultLinks: []
    attachments: []
    name: addMessage_success
    title: null
    message: null
    itemStatus: null
    itemStage: SCHEDULED
    description: 
    steps: []
    throwable: null
    start: null
    stop: null
    parameters: null
    automaticCreationTestCases: true
    externalKey: examples.MethodTests.addMessage_success
}
2025-08-09T18:59:00.629+0300 [main] DEBUG ru.testit.services.AdapterManager - Start test case class TestResult {
    uuid: 9f2b8c90-a340-48bb-9596-6d622616a0c1
    externalId: 5477CCF7B525652BD235A711F22D1E84DE9DDEACBC5BFB9AF7EBA8D7AFB37B3D
    workItemIds: []
    className: MethodTests
    spaceName: examples
    labels: []
    linkItems: []
    resultLinks: []
    attachments: []
    name: addMessage_success
    title: null
    message: null
    itemStatus: null
    itemStage: RUNNING
    description: 
    steps: []
    throwable: null
    start: 1754755140629
    stop: null
    parameters: null
    automaticCreationTestCases: true
    externalKey: examples.MethodTests.addMessage_success
}
2025-08-09T18:59:00.630+0300 [main] DEBUG ru.testit.services.AdapterManager - Update class container 15F6F2F5760FBE69974EF59280D08B03083F395C835CDABDD2E6B76CE30D591E
2025-08-09T18:59:00.630+0300 [main] DEBUG ru.testit.services.AdapterManager - Update test case 9f2b8c90-a340-48bb-9596-6d622616a0c1
2025-08-09T18:59:00.630+0300 [main] DEBUG ru.testit.listener.BaseJunit5Listener - Test successful: addMessage_success()
2025-08-09T18:59:00.631+0300 [main] DEBUG ru.testit.services.AdapterManager - Update test case 9f2b8c90-a340-48bb-9596-6d622616a0c1
2025-08-09T18:59:00.631+0300 [main] DEBUG ru.testit.services.AdapterManager - Stop test case class TestResult {
    uuid: 9f2b8c90-a340-48bb-9596-6d622616a0c1
    externalId: 5477CCF7B525652BD235A711F22D1E84DE9DDEACBC5BFB9AF7EBA8D7AFB37B3D
    workItemIds: []
    className: MethodTests
    spaceName: examples
    labels: []
    linkItems: []
    resultLinks: []
    attachments: []
    name: addMessage_success
    title: null
    message: Message
    itemStatus: PASSED
    itemStage: FINISHED
    description: 
    steps: []
    throwable: null
    start: 1754755140629
    stop: 1754755140631
    parameters: null
    automaticCreationTestCases: true
    externalKey: examples.MethodTests.addMessage_success
}
2025-08-09T18:59:00.631+0300 [main] DEBUG ru.testit.writers.HttpWriter - Write the auto test 5477CCF7B525652BD235A711F22D1E84DE9DDEACBC5BFB9AF7EBA8D7AFB37B3D
2025-08-09T18:59:00.697+0300 [main] DEBUG ru.testit.writers.HttpWriter - Preparing to create the auto test 5477CCF7B525652BD235A711F22D1E84DE9DDEACBC5BFB9AF7EBA8D7AFB37B3D
2025-08-09T18:59:01.325+0300 [main] DEBUG ru.testit.writers.HttpWriter - Preparing the test result for the auto test 5477CCF7B525652BD235A711F22D1E84DE9DDEACBC5BFB9AF7EBA8D7AFB37B3D
]]></system-err>
  </testcase>
  <testcase name="addAttachments_success" classname="examples.MethodTests" time="1.033">
    <system-err><![CDATA[2025-08-09T18:59:01.705+0300 [main] DEBUG ru.testit.listener.BaseJunit5Listener - Intercept test: addAttachments_success
2025-08-09T18:59:01.706+0300 [main] DEBUG ru.testit.services.AdapterManager - Schedule test case class TestResult {
    uuid: f078217b-5259-44b9-b204-de12de7e211a
    externalId: D2D9CD93682F8CE86E89DDBD26CD68C5AC299AE5B9300C5C759AF6C8FC495AC6
    workItemIds: []
    className: MethodTests
    spaceName: examples
    labels: []
    linkItems: []
    resultLinks: []
    attachments: []
    name: addAttachments_success
    title: null
    message: null
    itemStatus: null
    itemStage: SCHEDULED
    description: 
    steps: []
    throwable: null
    start: null
    stop: null
    parameters: null
    automaticCreationTestCases: true
    externalKey: examples.MethodTests.addAttachments_success
}
2025-08-09T18:59:01.707+0300 [main] DEBUG ru.testit.services.AdapterManager - Start test case class TestResult {
    uuid: f078217b-5259-44b9-b204-de12de7e211a
    externalId: D2D9CD93682F8CE86E89DDBD26CD68C5AC299AE5B9300C5C759AF6C8FC495AC6
    workItemIds: []
    className: MethodTests
    spaceName: examples
    labels: []
    linkItems: []
    resultLinks: []
    attachments: []
    name: addAttachments_success
    title: null
    message: null
    itemStatus: null
    itemStage: RUNNING
    description: 
    steps: []
    throwable: null
    start: 1754755141707
    stop: null
    parameters: null
    automaticCreationTestCases: true
    externalKey: examples.MethodTests.addAttachments_success
}
2025-08-09T18:59:01.707+0300 [main] DEBUG ru.testit.services.AdapterManager - Update class container 15F6F2F5760FBE69974EF59280D08B03083F395C835CDABDD2E6B76CE30D591E
2025-08-09T18:59:01.907+0300 [main] ERROR ru.testit.writers.HttpWriter - Can not write attachment: Message: java.io.FileNotFoundException: C:\Users\denis.makhanko\Documents\Integrations\Test%20IT%20Cloud%20Java\maven-junit5\target\test-classes\attachments\file02.txt (Системе не удается найти указанный путь)
HTTP response code: 0
HTTP response body: null
HTTP response headers: null
2025-08-09T18:59:01.909+0300 [main] ERROR ru.testit.writers.HttpWriter - Can not write attachment: Message: java.io.FileNotFoundException: C:\Users\denis.makhanko\Documents\Integrations\Test%20IT%20Cloud%20Java\maven-junit5\target\test-classes\attachments\file03.txt (Системе не удается найти указанный путь)
HTTP response code: 0
HTTP response body: null
HTTP response headers: null
2025-08-09T18:59:01.909+0300 [main] DEBUG ru.testit.listener.BaseJunit5Listener - Test successful: addAttachments_success()
2025-08-09T18:59:01.910+0300 [main] DEBUG ru.testit.services.AdapterManager - Update test case f078217b-5259-44b9-b204-de12de7e211a
2025-08-09T18:59:01.910+0300 [main] DEBUG ru.testit.services.AdapterManager - Stop test case class TestResult {
    uuid: f078217b-5259-44b9-b204-de12de7e211a
    externalId: D2D9CD93682F8CE86E89DDBD26CD68C5AC299AE5B9300C5C759AF6C8FC495AC6
    workItemIds: []
    className: MethodTests
    spaceName: examples
    labels: []
    linkItems: []
    resultLinks: []
    attachments: [01988f8e-948d-765e-be93-1a78c4ec0a70]
    name: addAttachments_success
    title: null
    message: null
    itemStatus: PASSED
    itemStage: FINISHED
    description: 
    steps: []
    throwable: null
    start: 1754755141707
    stop: 1754755141910
    parameters: null
    automaticCreationTestCases: true
    externalKey: examples.MethodTests.addAttachments_success
}
2025-08-09T18:59:01.910+0300 [main] DEBUG ru.testit.writers.HttpWriter - Write the auto test D2D9CD93682F8CE86E89DDBD26CD68C5AC299AE5B9300C5C759AF6C8FC495AC6
2025-08-09T18:59:01.981+0300 [main] DEBUG ru.testit.writers.HttpWriter - Preparing to create the auto test D2D9CD93682F8CE86E89DDBD26CD68C5AC299AE5B9300C5C759AF6C8FC495AC6
2025-08-09T18:59:02.452+0300 [main] DEBUG ru.testit.writers.HttpWriter - Preparing the test result for the auto test D2D9CD93682F8CE86E89DDBD26CD68C5AC299AE5B9300C5C759AF6C8FC495AC6
]]></system-err>
  </testcase>
  <testcase name="allMethods_failed" classname="examples.MethodTests" time="1.007">
    <failure type="org.opentest4j.AssertionFailedError&#10;	at org.junit.jupiter.api.AssertionUtils.fail(AssertionUtils.java"><![CDATA[org.opentest4j.AssertionFailedError
	at org.junit.jupiter.api.AssertionUtils.fail(AssertionUtils.java:35)
	at org.junit.jupiter.api.Assertions.fail(Assertions.java:115)
	at examples.MethodTests.allMethods_failed(MethodTests.java:98)
	at java.base/jdk.internal.reflect.DirectMethodHandleAccessor.invoke(DirectMethodHandleAccessor.java:104)
	at java.base/java.lang.reflect.Method.invoke(Method.java:565)
	at org.junit.platform.commons.util.ReflectionUtils.invokeMethod(ReflectionUtils.java:725)
	at org.junit.jupiter.engine.execution.MethodInvocation.proceed(MethodInvocation.java:60)
	at org.junit.jupiter.engine.execution.InvocationInterceptorChain$ValidatingInvocation.proceed(InvocationInterceptorChain.java:131)
	at ru.testit.listener.BaseJunit5Listener.interceptTestMethod(BaseJunit5Listener.java:222)
	at org.junit.jupiter.engine.execution.ExecutableInvoker$ReflectiveInterceptorCall.lambda$ofVoidMethod$0(ExecutableInvoker.java:115)
	at org.junit.jupiter.engine.execution.ExecutableInvoker.lambda$invoke$0(ExecutableInvoker.java:105)
	at org.junit.jupiter.engine.execution.InvocationInterceptorChain$InterceptedInvocation.proceed(InvocationInterceptorChain.java:106)
	at org.junit.jupiter.engine.extension.TimeoutExtension.intercept(TimeoutExtension.java:149)
	at org.junit.jupiter.engine.extension.TimeoutExtension.interceptTestableMethod(TimeoutExtension.java:140)
	at org.junit.jupiter.engine.extension.TimeoutExtension.interceptTestMethod(TimeoutExtension.java:84)
	at org.junit.jupiter.engine.execution.ExecutableInvoker$ReflectiveInterceptorCall.lambda$ofVoidMethod$0(ExecutableInvoker.java:115)
	at org.junit.jupiter.engine.execution.ExecutableInvoker.lambda$invoke$0(ExecutableInvoker.java:105)
	at org.junit.jupiter.engine.execution.InvocationInterceptorChain$InterceptedInvocation.proceed(InvocationInterceptorChain.java:106)
	at org.junit.jupiter.engine.execution.InvocationInterceptorChain.proceed(InvocationInterceptorChain.java:64)
	at org.junit.jupiter.engine.execution.InvocationInterceptorChain.chainAndInvoke(InvocationInterceptorChain.java:45)
	at org.junit.jupiter.engine.execution.InvocationInterceptorChain.invoke(InvocationInterceptorChain.java:37)
	at org.junit.jupiter.engine.execution.ExecutableInvoker.invoke(ExecutableInvoker.java:104)
	at org.junit.jupiter.engine.execution.ExecutableInvoker.invoke(ExecutableInvoker.java:98)
	at org.junit.jupiter.engine.descriptor.TestMethodTestDescriptor.lambda$invokeTestMethod$7(TestMethodTestDescriptor.java:214)
	at org.junit.platform.engine.support.hierarchical.ThrowableCollector.execute(ThrowableCollector.java:73)
	at org.junit.jupiter.engine.descriptor.TestMethodTestDescriptor.invokeTestMethod(TestMethodTestDescriptor.java:210)
	at org.junit.jupiter.engine.descriptor.TestMethodTestDescriptor.execute(TestMethodTestDescriptor.java:135)
	at org.junit.jupiter.engine.descriptor.TestMethodTestDescriptor.execute(TestMethodTestDescriptor.java:66)
	at org.junit.platform.engine.support.hierarchical.NodeTestTask.lambda$executeRecursively$6(NodeTestTask.java:151)
	at org.junit.platform.engine.support.hierarchical.ThrowableCollector.execute(ThrowableCollector.java:73)
	at org.junit.platform.engine.support.hierarchical.NodeTestTask.lambda$executeRecursively$8(NodeTestTask.java:141)
	at org.junit.platform.engine.support.hierarchical.Node.around(Node.java:137)
	at org.junit.platform.engine.support.hierarchical.NodeTestTask.lambda$executeRecursively$9(NodeTestTask.java:139)
	at org.junit.platform.engine.support.hierarchical.ThrowableCollector.execute(ThrowableCollector.java:73)
	at org.junit.platform.engine.support.hierarchical.NodeTestTask.executeRecursively(NodeTestTask.java:138)
	at org.junit.platform.engine.support.hierarchical.NodeTestTask.execute(NodeTestTask.java:95)
	at java.base/java.util.ArrayList.forEach(ArrayList.java:1604)
	at org.junit.platform.engine.support.hierarchical.SameThreadHierarchicalTestExecutorService.invokeAll(SameThreadHierarchicalTestExecutorService.java:41)
	at org.junit.platform.engine.support.hierarchical.NodeTestTask.lambda$executeRecursively$6(NodeTestTask.java:155)
	at org.junit.platform.engine.support.hierarchical.ThrowableCollector.execute(ThrowableCollector.java:73)
	at org.junit.platform.engine.support.hierarchical.NodeTestTask.lambda$executeRecursively$8(NodeTestTask.java:141)
	at org.junit.platform.engine.support.hierarchical.Node.around(Node.java:137)
	at org.junit.platform.engine.support.hierarchical.NodeTestTask.lambda$executeRecursively$9(NodeTestTask.java:139)
	at org.junit.platform.engine.support.hierarchical.ThrowableCollector.execute(ThrowableCollector.java:73)
	at org.junit.platform.engine.support.hierarchical.NodeTestTask.executeRecursively(NodeTestTask.java:138)
	at org.junit.platform.engine.support.hierarchical.NodeTestTask.execute(NodeTestTask.java:95)
	at java.base/java.util.ArrayList.forEach(ArrayList.java:1604)
	at org.junit.platform.engine.support.hierarchical.SameThreadHierarchicalTestExecutorService.invokeAll(SameThreadHierarchicalTestExecutorService.java:41)
	at org.junit.platform.engine.support.hierarchical.NodeTestTask.lambda$executeRecursively$6(NodeTestTask.java:155)
	at org.junit.platform.engine.support.hierarchical.ThrowableCollector.execute(ThrowableCollector.java:73)
	at org.junit.platform.engine.support.hierarchical.NodeTestTask.lambda$executeRecursively$8(NodeTestTask.java:141)
	at org.junit.platform.engine.support.hierarchical.Node.around(Node.java:137)
	at org.junit.platform.engine.support.hierarchical.NodeTestTask.lambda$executeRecursively$9(NodeTestTask.java:139)
	at org.junit.platform.engine.support.hierarchical.ThrowableCollector.execute(ThrowableCollector.java:73)
	at org.junit.platform.engine.support.hierarchical.NodeTestTask.executeRecursively(NodeTestTask.java:138)
	at org.junit.platform.engine.support.hierarchical.NodeTestTask.execute(NodeTestTask.java:95)
	at org.junit.platform.engine.support.hierarchical.SameThreadHierarchicalTestExecutorService.submit(SameThreadHierarchicalTestExecutorService.java:35)
	at org.junit.platform.engine.support.hierarchical.HierarchicalTestExecutor.execute(HierarchicalTestExecutor.java:57)
	at org.junit.platform.engine.support.hierarchical.HierarchicalTestEngine.execute(HierarchicalTestEngine.java:54)
	at org.junit.platform.launcher.core.EngineExecutionOrchestrator.execute(EngineExecutionOrchestrator.java:147)
	at org.junit.platform.launcher.core.EngineExecutionOrchestrator.execute(EngineExecutionOrchestrator.java:127)
	at org.junit.platform.launcher.core.EngineExecutionOrchestrator.execute(EngineExecutionOrchestrator.java:90)
	at org.junit.platform.launcher.core.EngineExecutionOrchestrator.lambda$execute$0(EngineExecutionOrchestrator.java:55)
	at org.junit.platform.launcher.core.EngineExecutionOrchestrator.withInterceptedStreams(EngineExecutionOrchestrator.java:102)
	at org.junit.platform.launcher.core.EngineExecutionOrchestrator.execute(EngineExecutionOrchestrator.java:54)
	at org.junit.platform.launcher.core.DefaultLauncher.execute(DefaultLauncher.java:114)
	at org.junit.platform.launcher.core.DefaultLauncher.execute(DefaultLauncher.java:86)
	at org.junit.platform.launcher.core.DefaultLauncherSession$DelegatingLauncher.execute(DefaultLauncherSession.java:86)
	at org.apache.maven.surefire.junitplatform.LazyLauncher.execute(LazyLauncher.java:56)
	at org.apache.maven.surefire.junitplatform.JUnitPlatformProvider.execute(JUnitPlatformProvider.java:184)
	at org.apache.maven.surefire.junitplatform.JUnitPlatformProvider.invokeAllTests(JUnitPlatformProvider.java:148)
	at org.apache.maven.surefire.junitplatform.JUnitPlatformProvider.invoke(JUnitPlatformProvider.java:122)
	at org.apache.maven.surefire.booter.ForkedBooter.runSuitesInProcess(ForkedBooter.java:385)
	at org.apache.maven.surefire.booter.ForkedBooter.execute(ForkedBooter.java:162)
	at org.apache.maven.surefire.booter.ForkedBooter.run(ForkedBooter.java:507)
	at org.apache.maven.surefire.booter.ForkedBooter.main(ForkedBooter.java:495)
]]></failure>
    <system-err><![CDATA[2025-08-09T18:59:02.740+0300 [main] DEBUG ru.testit.listener.BaseJunit5Listener - Intercept test: allMethods_failed
2025-08-09T18:59:02.740+0300 [main] DEBUG ru.testit.services.AdapterManager - Schedule test case class TestResult {
    uuid: 2ced1188-3ea6-4145-b51b-43dc8038ee7a
    externalId: 5F1A9467F058265D7D784A8F6D736AF0826BEB09EFBEF5E9024017864D200567
    workItemIds: []
    className: MethodTests
    spaceName: examples
    labels: []
    linkItems: []
    resultLinks: []
    attachments: []
    name: allMethods_failed
    title: null
    message: null
    itemStatus: null
    itemStage: SCHEDULED
    description: 
    steps: []
    throwable: null
    start: null
    stop: null
    parameters: null
    automaticCreationTestCases: true
    externalKey: examples.MethodTests.allMethods_failed
}
2025-08-09T18:59:02.740+0300 [main] DEBUG ru.testit.services.AdapterManager - Start test case class TestResult {
    uuid: 2ced1188-3ea6-4145-b51b-43dc8038ee7a
    externalId: 5F1A9467F058265D7D784A8F6D736AF0826BEB09EFBEF5E9024017864D200567
    workItemIds: []
    className: MethodTests
    spaceName: examples
    labels: []
    linkItems: []
    resultLinks: []
    attachments: []
    name: allMethods_failed
    title: null
    message: null
    itemStatus: null
    itemStage: RUNNING
    description: 
    steps: []
    throwable: null
    start: 1754755142740
    stop: null
    parameters: null
    automaticCreationTestCases: true
    externalKey: examples.MethodTests.allMethods_failed
}
2025-08-09T18:59:02.741+0300 [main] DEBUG ru.testit.services.AdapterManager - Update class container 15F6F2F5760FBE69974EF59280D08B03083F395C835CDABDD2E6B76CE30D591E
2025-08-09T18:59:02.741+0300 [main] DEBUG ru.testit.services.AdapterManager - Update test case 2ced1188-3ea6-4145-b51b-43dc8038ee7a
2025-08-09T18:59:02.741+0300 [main] DEBUG ru.testit.services.AdapterManager - Update test case 2ced1188-3ea6-4145-b51b-43dc8038ee7a
2025-08-09T18:59:02.942+0300 [main] ERROR ru.testit.writers.HttpWriter - Can not write attachment: Message: java.io.FileNotFoundException: C:\Users\denis.makhanko\Documents\Integrations\Test%20IT%20Cloud%20Java\maven-junit5\target\test-classes\attachments\file02.txt (Системе не удается найти указанный путь)
HTTP response code: 0
HTTP response body: null
HTTP response headers: null
2025-08-09T18:59:02.943+0300 [main] ERROR ru.testit.writers.HttpWriter - Can not write attachment: Message: java.io.FileNotFoundException: C:\Users\denis.makhanko\Documents\Integrations\Test%20IT%20Cloud%20Java\maven-junit5\target\test-classes\attachments\file03.txt (Системе не удается найти указанный путь)
HTTP response code: 0
HTTP response body: null
HTTP response headers: null
2025-08-09T18:59:02.944+0300 [main] DEBUG ru.testit.services.AdapterManager - Update test case 2ced1188-3ea6-4145-b51b-43dc8038ee7a
2025-08-09T18:59:02.944+0300 [main] DEBUG ru.testit.listener.BaseJunit5Listener - Test failed: allMethods_failed()
2025-08-09T18:59:02.945+0300 [main] DEBUG ru.testit.services.AdapterManager - Update test case 2ced1188-3ea6-4145-b51b-43dc8038ee7a
2025-08-09T18:59:02.945+0300 [main] DEBUG ru.testit.services.AdapterManager - Stop test case class TestResult {
    uuid: 2ced1188-3ea6-4145-b51b-43dc8038ee7a
    externalId: 5F1A9467F058265D7D784A8F6D736AF0826BEB09EFBEF5E9024017864D200567
    workItemIds: []
    className: MethodTests
    spaceName: examples
    labels: []
    linkItems: []
    resultLinks: [class LinkItem {
        title: Example01
        url: https://test01.example
        description: Example01 description
        type: ISSUE
    }, class LinkItem {
        title: Example02
        url: https://test02.example
        description: Example02 description
        type: ISSUE
    }]
    attachments: [01988f8e-9876-79b2-be84-7908e51f55b1]
    name: allMethods_failed
    title: null
    message: Message
    itemStatus: FAILED
    itemStage: FINISHED
    description: 
    steps: []
    throwable: org.opentest4j.AssertionFailedError
    start: 1754755142740
    stop: 1754755142945
    parameters: null
    automaticCreationTestCases: true
    externalKey: examples.MethodTests.allMethods_failed
}
2025-08-09T18:59:02.945+0300 [main] DEBUG ru.testit.writers.HttpWriter - Write the auto test 5F1A9467F058265D7D784A8F6D736AF0826BEB09EFBEF5E9024017864D200567
2025-08-09T18:59:03.014+0300 [main] DEBUG ru.testit.writers.HttpWriter - Preparing to create the auto test 5F1A9467F058265D7D784A8F6D736AF0826BEB09EFBEF5E9024017864D200567
2025-08-09T18:59:03.447+0300 [main] DEBUG ru.testit.writers.HttpWriter - Preparing the test result for the auto test 5F1A9467F058265D7D784A8F6D736AF0826BEB09EFBEF5E9024017864D200567
]]></system-err>
  </testcase>
</testsuite>