<?xml version="1.0" encoding="UTF-8"?>
<testsuite xmlns:xsi="http://www.w3.org/2001/XMLSchema-instance" xsi:noNamespaceSchemaLocation="https://maven.apache.org/surefire/maven-surefire-plugin/xsd/surefire-test-report-3.0.xsd" version="3.0" name="examples.AnnotationTests" time="43.48" tests="24" errors="0" skipped="0" failures="12">
  <properties>
[...]
</properties>
  <testcase name="withAllAnnotations_success" classname="examples.AnnotationTests" time="1.609">
    <system-err><![CDATA[2025-08-09T18:58:11.163+0300 [main] WARN ru.testit.properties.AppProperties - The configuration file specifies a private token. It is not safe. Use TMS_PRIVATE_TOKEN environment variable
2025-08-09T18:58:11.174+0300 [main] WARN ru.testit.properties.AppProperties - Invalid autoUpdateLinksToTestCases: null. Use default value instead: false
2025-08-09T18:58:11.175+0300 [main] WARN ru.testit.properties.AppProperties - Invalid tmsIntegration: null. Use default value instead: true
2025-08-09T18:58:11.175+0300 [main] WARN ru.testit.properties.AppProperties - Invalid tmsImportRealtime: null. Use default value instead: true
2025-08-09T18:58:11.188+0300 [main] DEBUG ru.testit.services.AdapterManager - Client configurations: class ClientConfiguration {
    url: https://team-4y6k.testit.software
    privateToken: **********
    projectId: 01988a26-19e1-7780-ad8f-cf14696d43f9
    configurationId: 01988a26-1a05-74a3-a385-c7db6b762578
    testRunId: null
    testRunName: null
    certValidation: false
    automaticUpdationLinksToTestCases: false
    tmsImportRealtime: true
}
2025-08-09T18:58:11.189+0300 [main] DEBUG ru.testit.services.AdapterManager - Adapter configurations: class AdapterConfig {
    mode: NEW_TEST_RUN
    automaticCreationTestCases: true
    tmsIntegration: true
}
2025-08-09T18:58:12.546+0300 [main] DEBUG ru.testit.listener.BaseJunit5Listener - Before all: examples.AnnotationTests
2025-08-09T18:58:12.546+0300 [main] DEBUG ru.testit.services.AdapterManager - Start launch
2025-08-09T18:58:12.547+0300 [main] DEBUG ru.testit.clients.TmsApiClient - Create new test run: class CreateEmptyTestRunApiModel {
    projectId: 01988a26-19e1-7780-ad8f-cf14696d43f9
    name: null
    description: null
    launchSource: null
    attachments: null
    links: null
}
2025-08-09T18:58:13.796+0300 [main] DEBUG ru.testit.clients.TmsApiClient - The test run created: class TestRunV2ApiResult {
    id: e3a6e7a4-f2d0-4a41-aa3a-4ce8670a43b7
    name: TestRun_2025-08-09T15:58:14
    description: null
    launchSource: Test IT
    startedOn: null
    completedOn: null
    stateName: NotStarted
    status: class TestStatusApiResult {
        id: 2273b954-3446-4240-a419-dd2f419d2ea9
        name: Ожидает
        type: Pending
        isSystem: true
        code: NORESULTS
        description: null
    }
    projectId: 01988a26-19e1-7780-ad8f-cf14696d43f9
    testPlanId: null
    testResults: []
    createdDate: 2025-08-09T15:58:14.305Z
    modifiedDate: 2025-08-09T15:58:14.305Z
    createdById: 0196015e-d37f-7f2e-b501-b868360fbe7a
    modifiedById: 0196015e-d37f-7f2e-b501-b868360fbe7a
    createdByUserName: Денис Маханько
    attachments: []
    links: []
    customParameters: {}
    webhooks: []
    runCount: 1
}
2025-08-09T18:58:13.803+0300 [main] DEBUG ru.testit.services.AdapterManager - Start new main container class MainContainer {
    uuid: 03adb3be-a42c-4f60-850e-be48dc820179
    beforeMethods: []
    afterMethods: []
    children: []
    start: 1754755093803
    stop: null
}
2025-08-09T18:58:13.811+0300 [main] DEBUG ru.testit.services.AdapterManager - Start new class container class ClassContainer {
    uuid: 61CA1B04B5C5D5C6242A64BEC2967D2BDCFDC803A25CF949783EE51029B8EECC
    name: null
    beforeEachTest: []
    afterEachTest: []
    beforeClassMethods: []
    afterClassMethods: []
    children: []
    start: 1754755093811
    stop: null
} for parent 03adb3be-a42c-4f60-850e-be48dc820179
2025-08-09T18:58:13.857+0300 [main] DEBUG ru.testit.listener.BaseJunit5Listener - Intercept test: withAllAnnotations_success
2025-08-09T18:58:13.860+0300 [main] DEBUG ru.testit.services.AdapterManager - Schedule test case class TestResult {
    uuid: 4336150f-0943-44a3-861b-54ec6804d034
    externalId: withAllAnnotations_success
    workItemIds: []
    className: AnnotationTests
    spaceName: examples
    labels: [class Label {
        name: Label1
    }, class Label {
        name: Label2
    }]
    linkItems: [class LinkItem {
        title: Example01
        url: https://test01.example
        description: Example01 description
        type: ISSUE
    }, class LinkItem {
        title: Example02
        url: https://test02.example
        description: Example01 description
        type: ISSUE
    }]
    resultLinks: []
    attachments: []
    name: withAllAnnotations_success DisplayName
    title: withAllAnnotations_success Title
    message: null
    itemStatus: null
    itemStage: SCHEDULED
    description: withAllAnnotations_success
    steps: []
    throwable: null
    start: null
    stop: null
    parameters: null
    automaticCreationTestCases: true
    externalKey: examples.AnnotationTests.withAllAnnotations_success
}
2025-08-09T18:58:13.861+0300 [main] DEBUG ru.testit.services.AdapterManager - Start test case class TestResult {
    uuid: 4336150f-0943-44a3-861b-54ec6804d034
    externalId: withAllAnnotations_success
    workItemIds: []
    className: AnnotationTests
    spaceName: examples
    labels: [class Label {
        name: Label1
    }, class Label {
        name: Label2
    }]
    linkItems: [class LinkItem {
        title: Example01
        url: https://test01.example
        description: Example01 description
        type: ISSUE
    }, class LinkItem {
        title: Example02
        url: https://test02.example
        description: Example01 description
        type: ISSUE
    }]
    resultLinks: []
    attachments: []
    name: withAllAnnotations_success DisplayName
    title: withAllAnnotations_success Title
    message: null
    itemStatus: null
    itemStage: RUNNING
    description: withAllAnnotations_success
    steps: []
    throwable: null
    start: 1754755093861
    stop: null
    parameters: null
    automaticCreationTestCases: true
    externalKey: examples.AnnotationTests.withAllAnnotations_success
}
2025-08-09T18:58:13.863+0300 [main] DEBUG ru.testit.services.AdapterManager - Update class container 61CA1B04B5C5D5C6242A64BEC2967D2BDCFDC803A25CF949783EE51029B8EECC
2025-08-09T18:58:13.881+0300 [main] DEBUG ru.testit.listener.BaseJunit5Listener - Test successful: withAllAnnotations_success()
2025-08-09T18:58:13.882+0300 [main] DEBUG ru.testit.services.AdapterManager - Update test case 4336150f-0943-44a3-861b-54ec6804d034
2025-08-09T18:58:13.883+0300 [main] DEBUG ru.testit.services.AdapterManager - Stop test case class TestResult {
    uuid: 4336150f-0943-44a3-861b-54ec6804d034
    externalId: withAllAnnotations_success
    workItemIds: []
    className: AnnotationTests
    spaceName: examples
    labels: [class Label {
        name: Label1
    }, class Label {
        name: Label2
    }]
    linkItems: [class LinkItem {
        title: Example01
        url: https://test01.example
        description: Example01 description
        type: ISSUE
    }, class LinkItem {
        title: Example02
        url: https://test02.example
        description: Example01 description
        type: ISSUE
    }]
    resultLinks: []
    attachments: []
    name: withAllAnnotations_success DisplayName
    title: withAllAnnotations_success Title
    message: null
    itemStatus: PASSED
    itemStage: FINISHED
    description: withAllAnnotations_success
    steps: []
    throwable: null
    start: 1754755093861
    stop: 1754755093883
    parameters: null
    automaticCreationTestCases: true
    externalKey: examples.AnnotationTests.withAllAnnotations_success
}
2025-08-09T18:58:13.883+0300 [main] DEBUG ru.testit.writers.HttpWriter - Write the auto test withAllAnnotations_success
2025-08-09T18:58:13.968+0300 [main] DEBUG ru.testit.writers.HttpWriter - Preparing to create the auto test withAllAnnotations_success
2025-08-09T18:58:15.047+0300 [main] DEBUG ru.testit.writers.HttpWriter - Preparing the test result for the auto test withAllAnnotations_success
]]></system-err>
  </testcase>
  <testcase name="linksAnnotation_success" classname="examples.AnnotationTests" time="0.862">
    <system-err><![CDATA[2025-08-09T18:58:15.445+0300 [main] DEBUG ru.testit.listener.BaseJunit5Listener - Intercept test: linksAnnotation_success
2025-08-09T18:58:15.445+0300 [main] DEBUG ru.testit.services.AdapterManager - Schedule test case class TestResult {
    uuid: 4f581f4d-fdd6-40f0-afde-3cf2e2d9704d
    externalId: 3BE2670C3FC2A8E16F4B8DAD9C6FA94ACE43A13889C3D74B39D7B7A51AEA50E1
    workItemIds: []
    className: AnnotationTests
    spaceName: examples
    labels: []
    linkItems: [class LinkItem {
        title: Example01
        url: https://test01.example
        description: Example01 description
        type: ISSUE
    }, class LinkItem {
        title: Example02
        url: https://test02.example
        description: Example01 description
        type: ISSUE
    }]
    resultLinks: []
    attachments: []
    name: linksAnnotation_success
    title: null
    message: null
    itemStatus: null
    itemStage: SCHEDULED
    description: 
    steps: []
    throwable: null
    start: null
    stop: null
    parameters: null
    automaticCreationTestCases: true
    externalKey: examples.AnnotationTests.linksAnnotation_success
}
2025-08-09T18:58:15.446+0300 [main] DEBUG ru.testit.services.AdapterManager - Start test case class TestResult {
    uuid: 4f581f4d-fdd6-40f0-afde-3cf2e2d9704d
    externalId: 3BE2670C3FC2A8E16F4B8DAD9C6FA94ACE43A13889C3D74B39D7B7A51AEA50E1
    workItemIds: []
    className: AnnotationTests
    spaceName: examples
    labels: []
    linkItems: [class LinkItem {
        title: Example01
        url: https://test01.example
        description: Example01 description
        type: ISSUE
    }, class LinkItem {
        title: Example02
        url: https://test02.example
        description: Example01 description
        type: ISSUE
    }]
    resultLinks: []
    attachments: []
    name: linksAnnotation_success
    title: null
    message: null
    itemStatus: null
    itemStage: RUNNING
    description: 
    steps: []
    throwable: null
    start: 1754755095446
    stop: null
    parameters: null
    automaticCreationTestCases: true
    externalKey: examples.AnnotationTests.linksAnnotation_success
}
2025-08-09T18:58:15.446+0300 [main] DEBUG ru.testit.services.AdapterManager - Update class container 61CA1B04B5C5D5C6242A64BEC2967D2BDCFDC803A25CF949783EE51029B8EECC
2025-08-09T18:58:15.446+0300 [main] DEBUG ru.testit.listener.BaseJunit5Listener - Test successful: linksAnnotation_success()
2025-08-09T18:58:15.447+0300 [main] DEBUG ru.testit.services.AdapterManager - Update test case 4f581f4d-fdd6-40f0-afde-3cf2e2d9704d
2025-08-09T18:58:15.447+0300 [main] DEBUG ru.testit.services.AdapterManager - Stop test case class TestResult {
    uuid: 4f581f4d-fdd6-40f0-afde-3cf2e2d9704d
    externalId: 3BE2670C3FC2A8E16F4B8DAD9C6FA94ACE43A13889C3D74B39D7B7A51AEA50E1
    workItemIds: []
    className: AnnotationTests
    spaceName: examples
    labels: []
    linkItems: [class LinkItem {
        title: Example01
        url: https://test01.example
        description: Example01 description
        type: ISSUE
    }, class LinkItem {
        title: Example02
        url: https://test02.example
        description: Example01 description
        type: ISSUE
    }]
    resultLinks: []
    attachments: []
    name: linksAnnotation_success
    title: null
    message: null
    itemStatus: PASSED
    itemStage: FINISHED
    description: 
    steps: []
    throwable: null
    start: 1754755095446
    stop: 1754755095447
    parameters: null
    automaticCreationTestCases: true
    externalKey: examples.AnnotationTests.linksAnnotation_success
}
2025-08-09T18:58:15.447+0300 [main] DEBUG ru.testit.writers.HttpWriter - Write the auto test 3BE2670C3FC2A8E16F4B8DAD9C6FA94ACE43A13889C3D74B39D7B7A51AEA50E1
2025-08-09T18:58:15.523+0300 [main] DEBUG ru.testit.writers.HttpWriter - Preparing to create the auto test 3BE2670C3FC2A8E16F4B8DAD9C6FA94ACE43A13889C3D74B39D7B7A51AEA50E1
2025-08-09T18:58:16.027+0300 [main] DEBUG ru.testit.writers.HttpWriter - Preparing the test result for the auto test 3BE2670C3FC2A8E16F4B8DAD9C6FA94ACE43A13889C3D74B39D7B7A51AEA50E1
]]></system-err>
  </testcase>
  <testcase name="linksAnnotation_failed" classname="examples.AnnotationTests" time="1.072">
    <failure type="org.opentest4j.AssertionFailedError&#10;	at org.junit.jupiter.api.AssertionUtils.fail(AssertionUtils.java"><![CDATA[org.opentest4j.AssertionFailedError
	at org.junit.jupiter.api.AssertionUtils.fail(AssertionUtils.java:35)
	at org.junit.jupiter.api.Assertions.fail(Assertions.java:115)
	at examples.AnnotationTests.linksAnnotation_failed(AnnotationTests.java:100)
	at java.base/jdk.internal.reflect.DirectMethodHandleAccessor.invoke(DirectMethodHandleAccessor.java:104)
	at java.base/java.lang.reflect.Method.invoke(Method.java:565)
	at org.junit.platform.commons.util.ReflectionUtils.invokeMethod(ReflectionUtils.java:725)
	at org.junit.jupiter.engine.execution.MethodInvocation.proceed(MethodInvocation.java:60)
	at org.junit.jupiter.engine.execution.InvocationInterceptorChain$ValidatingInvocation.proceed(InvocationInterceptorChain.java:131)
	at ru.testit.listener.BaseJunit5Listener.interceptTestMethod(BaseJunit5Listener.java:222)
	at org.junit.jupiter.engine.execution.ExecutableInvoker$ReflectiveInterceptorCall.lambda$ofVoidMethod$0(ExecutableInvoker.java:115)
	at org.junit.jupiter.engine.execution.ExecutableInvoker.lambda$invoke$0(ExecutableInvoker.java:105)
	at org.junit.jupiter.engine.execution.InvocationInterceptorChain$InterceptedInvocation.proceed(InvocationInterceptorChain.java:106)
	at org.junit.jupiter.engine.extension.TimeoutExtension.intercept(TimeoutExtension.java:149)
	at org.junit.jupiter.engine.extension.TimeoutExtension.interceptTestableMethod(TimeoutExtension.java:140)
	at org.junit.jupiter.engine.extension.TimeoutExtension.interceptTestMethod(TimeoutExtension.java:84)
	at org.junit.jupiter.engine.execution.ExecutableInvoker$ReflectiveInterceptorCall.lambda$ofVoidMethod$0(ExecutableInvoker.java:115)
	at org.junit.jupiter.engine.execution.ExecutableInvoker.lambda$invoke$0(ExecutableInvoker.java:105)
	at org.junit.jupiter.engine.execution.InvocationInterceptorChain$InterceptedInvocation.proceed(InvocationInterceptorChain.java:106)
	at org.junit.jupiter.engine.execution.InvocationInterceptorChain.proceed(InvocationInterceptorChain.java:64)
	at org.junit.jupiter.engine.execution.InvocationInterceptorChain.chainAndInvoke(InvocationInterceptorChain.java:45)
	at org.junit.jupiter.engine.execution.InvocationInterceptorChain.invoke(InvocationInterceptorChain.java:37)
	at org.junit.jupiter.engine.execution.ExecutableInvoker.invoke(ExecutableInvoker.java:104)
	at org.junit.jupiter.engine.execution.ExecutableInvoker.invoke(ExecutableInvoker.java:98)
	at org.junit.jupiter.engine.descriptor.TestMethodTestDescriptor.lambda$invokeTestMethod$7(TestMethodTestDescriptor.java:214)
	at org.junit.platform.engine.support.hierarchical.ThrowableCollector.execute(ThrowableCollector.java:73)
	at org.junit.jupiter.engine.descriptor.TestMethodTestDescriptor.invokeTestMethod(TestMethodTestDescriptor.java:210)
	at org.junit.jupiter.engine.descriptor.TestMethodTestDescriptor.execute(TestMethodTestDescriptor.java:135)
	at org.junit.jupiter.engine.descriptor.TestMethodTestDescriptor.execute(TestMethodTestDescriptor.java:66)
	at org.junit.platform.engine.support.hierarchical.NodeTestTask.lambda$executeRecursively$6(NodeTestTask.java:151)
	at org.junit.platform.engine.support.hierarchical.ThrowableCollector.execute(ThrowableCollector.java:73)
	at org.junit.platform.engine.support.hierarchical.NodeTestTask.lambda$executeRecursively$8(NodeTestTask.java:141)
	at org.junit.platform.engine.support.hierarchical.Node.around(Node.java:137)
	at org.junit.platform.engine.support.hierarchical.NodeTestTask.lambda$executeRecursively$9(NodeTestTask.java:139)
	at org.junit.platform.engine.support.hierarchical.ThrowableCollector.execute(ThrowableCollector.java:73)
	at org.junit.platform.engine.support.hierarchical.NodeTestTask.executeRecursively(NodeTestTask.java:138)
	at org.junit.platform.engine.support.hierarchical.NodeTestTask.execute(NodeTestTask.java:95)
	at java.base/java.util.ArrayList.forEach(ArrayList.java:1604)
	at org.junit.platform.engine.support.hierarchical.SameThreadHierarchicalTestExecutorService.invokeAll(SameThreadHierarchicalTestExecutorService.java:41)
	at org.junit.platform.engine.support.hierarchical.NodeTestTask.lambda$executeRecursively$6(NodeTestTask.java:155)
	at org.junit.platform.engine.support.hierarchical.ThrowableCollector.execute(ThrowableCollector.java:73)
	at org.junit.platform.engine.support.hierarchical.NodeTestTask.lambda$executeRecursively$8(NodeTestTask.java:141)
	at org.junit.platform.engine.support.hierarchical.Node.around(Node.java:137)
	at org.junit.platform.engine.support.hierarchical.NodeTestTask.lambda$executeRecursively$9(NodeTestTask.java:139)
	at org.junit.platform.engine.support.hierarchical.ThrowableCollector.execute(ThrowableCollector.java:73)
	at org.junit.platform.engine.support.hierarchical.NodeTestTask.executeRecursively(NodeTestTask.java:138)
	at org.junit.platform.engine.support.hierarchical.NodeTestTask.execute(NodeTestTask.java:95)
	at java.base/java.util.ArrayList.forEach(ArrayList.java:1604)
	at org.junit.platform.engine.support.hierarchical.SameThreadHierarchicalTestExecutorService.invokeAll(SameThreadHierarchicalTestExecutorService.java:41)
	at org.junit.platform.engine.support.hierarchical.NodeTestTask.lambda$executeRecursively$6(NodeTestTask.java:155)
	at org.junit.platform.engine.support.hierarchical.ThrowableCollector.execute(ThrowableCollector.java:73)
	at org.junit.platform.engine.support.hierarchical.NodeTestTask.lambda$executeRecursively$8(NodeTestTask.java:141)
	at org.junit.platform.engine.support.hierarchical.Node.around(Node.java:137)
	at org.junit.platform.engine.support.hierarchical.NodeTestTask.lambda$executeRecursively$9(NodeTestTask.java:139)
	at org.junit.platform.engine.support.hierarchical.ThrowableCollector.execute(ThrowableCollector.java:73)
	at org.junit.platform.engine.support.hierarchical.NodeTestTask.executeRecursively(NodeTestTask.java:138)
	at org.junit.platform.engine.support.hierarchical.NodeTestTask.execute(NodeTestTask.java:95)
	at org.junit.platform.engine.support.hierarchical.SameThreadHierarchicalTestExecutorService.submit(SameThreadHierarchicalTestExecutorService.java:35)
	at org.junit.platform.engine.support.hierarchical.HierarchicalTestExecutor.execute(HierarchicalTestExecutor.java:57)
	at org.junit.platform.engine.support.hierarchical.HierarchicalTestEngine.execute(HierarchicalTestEngine.java:54)
	at org.junit.platform.launcher.core.EngineExecutionOrchestrator.execute(EngineExecutionOrchestrator.java:147)
	at org.junit.platform.launcher.core.EngineExecutionOrchestrator.execute(EngineExecutionOrchestrator.java:127)
	at org.junit.platform.launcher.core.EngineExecutionOrchestrator.execute(EngineExecutionOrchestrator.java:90)
	at org.junit.platform.launcher.core.EngineExecutionOrchestrator.lambda$execute$0(EngineExecutionOrchestrator.java:55)
	at org.junit.platform.launcher.core.EngineExecutionOrchestrator.withInterceptedStreams(EngineExecutionOrchestrator.java:102)
	at org.junit.platform.launcher.core.EngineExecutionOrchestrator.execute(EngineExecutionOrchestrator.java:54)
	at org.junit.platform.launcher.core.DefaultLauncher.execute(DefaultLauncher.java:114)
	at org.junit.platform.launcher.core.DefaultLauncher.execute(DefaultLauncher.java:86)
	at org.junit.platform.launcher.core.DefaultLauncherSession$DelegatingLauncher.execute(DefaultLauncherSession.java:86)
	at org.apache.maven.surefire.junitplatform.LazyLauncher.execute(LazyLauncher.java:56)
	at org.apache.maven.surefire.junitplatform.JUnitPlatformProvider.execute(JUnitPlatformProvider.java:184)
	at org.apache.maven.surefire.junitplatform.JUnitPlatformProvider.invokeAllTests(JUnitPlatformProvider.java:148)
	at org.apache.maven.surefire.junitplatform.JUnitPlatformProvider.invoke(JUnitPlatformProvider.java:122)
	at org.apache.maven.surefire.booter.ForkedBooter.runSuitesInProcess(ForkedBooter.java:385)
	at org.apache.maven.surefire.booter.ForkedBooter.execute(ForkedBooter.java:162)
	at org.apache.maven.surefire.booter.ForkedBooter.run(ForkedBooter.java:507)
	at org.apache.maven.surefire.booter.ForkedBooter.main(ForkedBooter.java:495)
]]></failure>
    <system-err><![CDATA[2025-08-09T18:58:16.312+0300 [main] DEBUG ru.testit.listener.BaseJunit5Listener - Intercept test: linksAnnotation_failed
2025-08-09T18:58:16.314+0300 [main] DEBUG ru.testit.services.AdapterManager - Schedule test case class TestResult {
    uuid: 98c106de-3b46-426f-b81f-0701b0e7479f
    externalId: 91EB57668BEDE0A8DD08FCE019531CC869983F27E419D5FDF313CD4B899CDFAC
    workItemIds: []
    className: AnnotationTests
    spaceName: examples
    labels: []
    linkItems: [class LinkItem {
        title: Example01
        url: https://test01.example
        description: Example01 description
        type: ISSUE
    }, class LinkItem {
        title: Example02
        url: https://test02.example
        description: Example01 description
        type: ISSUE
    }]
    resultLinks: []
    attachments: []
    name: linksAnnotation_failed
    title: null
    message: null
    itemStatus: null
    itemStage: SCHEDULED
    description: 
    steps: []
    throwable: null
    start: null
    stop: null
    parameters: null
    automaticCreationTestCases: true
    externalKey: examples.AnnotationTests.linksAnnotation_failed
}
2025-08-09T18:58:16.315+0300 [main] DEBUG ru.testit.services.AdapterManager - Start test case class TestResult {
    uuid: 98c106de-3b46-426f-b81f-0701b0e7479f
    externalId: 91EB57668BEDE0A8DD08FCE019531CC869983F27E419D5FDF313CD4B899CDFAC
    workItemIds: []
    className: AnnotationTests
    spaceName: examples
    labels: []
    linkItems: [class LinkItem {
        title: Example01
        url: https://test01.example
        description: Example01 description
        type: ISSUE
    }, class LinkItem {
        title: Example02
        url: https://test02.example
        description: Example01 description
        type: ISSUE
    }]
    resultLinks: []
    attachments: []
    name: linksAnnotation_failed
    title: null
    message: null
    itemStatus: null
    itemStage: RUNNING
    description: 
    steps: []
    throwable: null
    start: 1754755096315
    stop: null
    parameters: null
    automaticCreationTestCases: true
    externalKey: examples.AnnotationTests.linksAnnotation_failed
}
2025-08-09T18:58:16.317+0300 [main] DEBUG ru.testit.services.AdapterManager - Update class container 61CA1B04B5C5D5C6242A64BEC2967D2BDCFDC803A25CF949783EE51029B8EECC
2025-08-09T18:58:16.323+0300 [main] DEBUG ru.testit.listener.BaseJunit5Listener - Test failed: linksAnnotation_failed()
2025-08-09T18:58:16.323+0300 [main] DEBUG ru.testit.services.AdapterManager - Update test case 98c106de-3b46-426f-b81f-0701b0e7479f
2025-08-09T18:58:16.324+0300 [main] DEBUG ru.testit.services.AdapterManager - Stop test case class TestResult {
    uuid: 98c106de-3b46-426f-b81f-0701b0e7479f
    externalId: 91EB57668BEDE0A8DD08FCE019531CC869983F27E419D5FDF313CD4B899CDFAC
    workItemIds: []
    className: AnnotationTests
    spaceName: examples
    labels: []
    linkItems: [class LinkItem {
        title: Example01
        url: https://test01.example
        description: Example01 description
        type: ISSUE
    }, class LinkItem {
        title: Example02
        url: https://test02.example
        description: Example01 description
        type: ISSUE
    }]
    resultLinks: []
    attachments: []
    name: linksAnnotation_failed
    title: null
    message: null
    itemStatus: FAILED
    itemStage: FINISHED
    description: 
    steps: []
    throwable: org.opentest4j.AssertionFailedError
    start: 1754755096315
    stop: 1754755096323
    parameters: null
    automaticCreationTestCases: true
    externalKey: examples.AnnotationTests.linksAnnotation_failed
}
2025-08-09T18:58:16.324+0300 [main] DEBUG ru.testit.writers.HttpWriter - Write the auto test 91EB57668BEDE0A8DD08FCE019531CC869983F27E419D5FDF313CD4B899CDFAC
2025-08-09T18:58:16.392+0300 [main] DEBUG ru.testit.writers.HttpWriter - Preparing to create the auto test 91EB57668BEDE0A8DD08FCE019531CC869983F27E419D5FDF313CD4B899CDFAC
2025-08-09T18:58:16.948+0300 [main] DEBUG ru.testit.writers.HttpWriter - Preparing the test result for the auto test 91EB57668BEDE0A8DD08FCE019531CC869983F27E419D5FDF313CD4B899CDFAC
]]></system-err>
  </testcase>
  <testcase name="descriptionAnnotation_success" classname="examples.AnnotationTests" time="0.717">
    <system-err><![CDATA[2025-08-09T18:58:17.397+0300 [main] DEBUG ru.testit.listener.BaseJunit5Listener - Intercept test: descriptionAnnotation_success
2025-08-09T18:58:17.399+0300 [main] DEBUG ru.testit.services.AdapterManager - Schedule test case class TestResult {
    uuid: 1bef113a-4404-453f-bdd9-6c5d4ac0dc32
    externalId: A50BC8B2078083C2FA6EB0ED680CD93AF8DC8286E9B26168994E07A4AFE3C4F
    workItemIds: []
    className: AnnotationTests
    spaceName: examples
    labels: []
    linkItems: []
    resultLinks: []
    attachments: []
    name: descriptionAnnotation_success
    title: null
    message: null
    itemStatus: null
    itemStage: SCHEDULED
    description: descriptionAnnotation_success
    steps: []
    throwable: null
    start: null
    stop: null
    parameters: null
    automaticCreationTestCases: true
    externalKey: examples.AnnotationTests.descriptionAnnotation_success
}
2025-08-09T18:58:17.399+0300 [main] DEBUG ru.testit.services.AdapterManager - Start test case class TestResult {
    uuid: 1bef113a-4404-453f-bdd9-6c5d4ac0dc32
    externalId: A50BC8B2078083C2FA6EB0ED680CD93AF8DC8286E9B26168994E07A4AFE3C4F
    workItemIds: []
    className: AnnotationTests
    spaceName: examples
    labels: []
    linkItems: []
    resultLinks: []
    attachments: []
    name: descriptionAnnotation_success
    title: null
    message: null
    itemStatus: null
    itemStage: RUNNING
    description: descriptionAnnotation_success
    steps: []
    throwable: null
    start: 1754755097399
    stop: null
    parameters: null
    automaticCreationTestCases: true
    externalKey: examples.AnnotationTests.descriptionAnnotation_success
}
2025-08-09T18:58:17.400+0300 [main] DEBUG ru.testit.services.AdapterManager - Update class container 61CA1B04B5C5D5C6242A64BEC2967D2BDCFDC803A25CF949783EE51029B8EECC
2025-08-09T18:58:17.402+0300 [main] DEBUG ru.testit.listener.BaseJunit5Listener - Test successful: descriptionAnnotation_success()
2025-08-09T18:58:17.402+0300 [main] DEBUG ru.testit.services.AdapterManager - Update test case 1bef113a-4404-453f-bdd9-6c5d4ac0dc32
2025-08-09T18:58:17.403+0300 [main] DEBUG ru.testit.services.AdapterManager - Stop test case class TestResult {
    uuid: 1bef113a-4404-453f-bdd9-6c5d4ac0dc32
    externalId: A50BC8B2078083C2FA6EB0ED680CD93AF8DC8286E9B26168994E07A4AFE3C4F
    workItemIds: []
    className: AnnotationTests
    spaceName: examples
    labels: []
    linkItems: []
    resultLinks: []
    attachments: []
    name: descriptionAnnotation_success
    title: null
    message: null
    itemStatus: PASSED
    itemStage: FINISHED
    description: descriptionAnnotation_success
    steps: []
    throwable: null
    start: 1754755097399
    stop: 1754755097403
    parameters: null
    automaticCreationTestCases: true
    externalKey: examples.AnnotationTests.descriptionAnnotation_success
}
2025-08-09T18:58:17.404+0300 [main] DEBUG ru.testit.writers.HttpWriter - Write the auto test A50BC8B2078083C2FA6EB0ED680CD93AF8DC8286E9B26168994E07A4AFE3C4F
2025-08-09T18:58:17.473+0300 [main] DEBUG ru.testit.writers.HttpWriter - Preparing to create the auto test A50BC8B2078083C2FA6EB0ED680CD93AF8DC8286E9B26168994E07A4AFE3C4F
2025-08-09T18:58:17.851+0300 [main] DEBUG ru.testit.writers.HttpWriter - Preparing the test result for the auto test A50BC8B2078083C2FA6EB0ED680CD93AF8DC8286E9B26168994E07A4AFE3C4F
]]></system-err>
  </testcase>
  <testcase name="parametrizedTest_success(int, String)[1]" classname="examples.AnnotationTests" time="0.808">
    <system-err><![CDATA[2025-08-09T18:58:18.161+0300 [main] DEBUG ru.testit.listener.BaseJunit5Listener - Intercept test template: parametrizedTest_success
2025-08-09T18:58:18.162+0300 [main] DEBUG ru.testit.services.AdapterManager - Schedule test case class TestResult {
    uuid: aecb6bde-f877-4a3f-8a7b-f9453df70ce2
    externalId: parametrizedTest_success_1_string1
    workItemIds: []
    className: AnnotationTests
    spaceName: examples
    labels: []
    linkItems: []
    resultLinks: []
    attachments: []
    name: parametrizedTest_success DisplayName 1 string1
    title: parametrizedTest_success Title 1 string1
    message: null
    itemStatus: null
    itemStage: SCHEDULED
    description: 
    steps: []
    throwable: null
    start: null
    stop: null
    parameters: {str=string1, number=1}
    automaticCreationTestCases: true
    externalKey: examples.AnnotationTests.parametrizedTest_success
}
2025-08-09T18:58:18.162+0300 [main] DEBUG ru.testit.services.AdapterManager - Start test case class TestResult {
    uuid: aecb6bde-f877-4a3f-8a7b-f9453df70ce2
    externalId: parametrizedTest_success_1_string1
    workItemIds: []
    className: AnnotationTests
    spaceName: examples
    labels: []
    linkItems: []
    resultLinks: []
    attachments: []
    name: parametrizedTest_success DisplayName 1 string1
    title: parametrizedTest_success Title 1 string1
    message: null
    itemStatus: null
    itemStage: RUNNING
    description: 
    steps: []
    throwable: null
    start: 1754755098162
    stop: null
    parameters: {str=string1, number=1}
    automaticCreationTestCases: true
    externalKey: examples.AnnotationTests.parametrizedTest_success
}
2025-08-09T18:58:18.163+0300 [main] DEBUG ru.testit.services.AdapterManager - Update class container 61CA1B04B5C5D5C6242A64BEC2967D2BDCFDC803A25CF949783EE51029B8EECC
2025-08-09T18:58:18.171+0300 [main] DEBUG ru.testit.listener.BaseJunit5Listener - Test successful: [1] number=1, str=string1
2025-08-09T18:58:18.172+0300 [main] DEBUG ru.testit.services.AdapterManager - Update test case aecb6bde-f877-4a3f-8a7b-f9453df70ce2
2025-08-09T18:58:18.172+0300 [main] DEBUG ru.testit.services.AdapterManager - Stop test case class TestResult {
    uuid: aecb6bde-f877-4a3f-8a7b-f9453df70ce2
    externalId: parametrizedTest_success_1_string1
    workItemIds: []
    className: AnnotationTests
    spaceName: examples
    labels: []
    linkItems: []
    resultLinks: []
    attachments: []
    name: parametrizedTest_success DisplayName 1 string1
    title: parametrizedTest_success Title 1 string1
    message: null
    itemStatus: PASSED
    itemStage: FINISHED
    description: 
    steps: []
    throwable: null
    start: 1754755098162
    stop: 1754755098172
    parameters: {str=string1, number=1}
    automaticCreationTestCases: true
    externalKey: examples.AnnotationTests.parametrizedTest_success
}
2025-08-09T18:58:18.172+0300 [main] DEBUG ru.testit.writers.HttpWriter - Write the auto test parametrizedTest_success_1_string1
2025-08-09T18:58:18.233+0300 [main] DEBUG ru.testit.writers.HttpWriter - Preparing to create the auto test parametrizedTest_success_1_string1
2025-08-09T18:58:18.654+0300 [main] DEBUG ru.testit.writers.HttpWriter - Preparing the test result for the auto test parametrizedTest_success_1_string1
]]></system-err>
  </testcase>
  <testcase name="parametrizedTest_success(int, String)[2]" classname="examples.AnnotationTests" time="0.804">
    <system-err><![CDATA[2025-08-09T18:58:18.958+0300 [main] DEBUG ru.testit.listener.BaseJunit5Listener - Intercept test template: parametrizedTest_success
2025-08-09T18:58:18.959+0300 [main] DEBUG ru.testit.services.AdapterManager - Schedule test case class TestResult {
    uuid: 4953eb6b-e1d3-4181-b112-54af401c9566
    externalId: parametrizedTest_success_2_string2
    workItemIds: []
    className: AnnotationTests
    spaceName: examples
    labels: []
    linkItems: []
    resultLinks: []
    attachments: []
    name: parametrizedTest_success DisplayName 2 string2
    title: parametrizedTest_success Title 2 string2
    message: null
    itemStatus: null
    itemStage: SCHEDULED
    description: 
    steps: []
    throwable: null
    start: null
    stop: null
    parameters: {str=string2, number=2}
    automaticCreationTestCases: true
    externalKey: examples.AnnotationTests.parametrizedTest_success
}
2025-08-09T18:58:18.959+0300 [main] DEBUG ru.testit.services.AdapterManager - Start test case class TestResult {
    uuid: 4953eb6b-e1d3-4181-b112-54af401c9566
    externalId: parametrizedTest_success_2_string2
    workItemIds: []
    className: AnnotationTests
    spaceName: examples
    labels: []
    linkItems: []
    resultLinks: []
    attachments: []
    name: parametrizedTest_success DisplayName 2 string2
    title: parametrizedTest_success Title 2 string2
    message: null
    itemStatus: null
    itemStage: RUNNING
    description: 
    steps: []
    throwable: null
    start: 1754755098959
    stop: null
    parameters: {str=string2, number=2}
    automaticCreationTestCases: true
    externalKey: examples.AnnotationTests.parametrizedTest_success
}
2025-08-09T18:58:18.959+0300 [main] DEBUG ru.testit.services.AdapterManager - Update class container 61CA1B04B5C5D5C6242A64BEC2967D2BDCFDC803A25CF949783EE51029B8EECC
2025-08-09T18:58:18.959+0300 [main] DEBUG ru.testit.listener.BaseJunit5Listener - Test successful: [2] number=2, str=string2
2025-08-09T18:58:18.959+0300 [main] DEBUG ru.testit.services.AdapterManager - Update test case 4953eb6b-e1d3-4181-b112-54af401c9566
2025-08-09T18:58:18.960+0300 [main] DEBUG ru.testit.services.AdapterManager - Stop test case class TestResult {
    uuid: 4953eb6b-e1d3-4181-b112-54af401c9566
    externalId: parametrizedTest_success_2_string2
    workItemIds: []
    className: AnnotationTests
    spaceName: examples
    labels: []
    linkItems: []
    resultLinks: []
    attachments: []
    name: parametrizedTest_success DisplayName 2 string2
    title: parametrizedTest_success Title 2 string2
    message: null
    itemStatus: PASSED
    itemStage: FINISHED
    description: 
    steps: []
    throwable: null
    start: 1754755098959
    stop: 1754755098960
    parameters: {str=string2, number=2}
    automaticCreationTestCases: true
    externalKey: examples.AnnotationTests.parametrizedTest_success
}
2025-08-09T18:58:18.960+0300 [main] DEBUG ru.testit.writers.HttpWriter - Write the auto test parametrizedTest_success_2_string2
2025-08-09T18:58:19.024+0300 [main] DEBUG ru.testit.writers.HttpWriter - Preparing to create the auto test parametrizedTest_success_2_string2
2025-08-09T18:58:19.468+0300 [main] DEBUG ru.testit.writers.HttpWriter - Preparing the test result for the auto test parametrizedTest_success_2_string2
]]></system-err>
  </testcase>
  <testcase name="parametrizedTest_success(int, String)[3]" classname="examples.AnnotationTests" time="0.761">
    <system-err><![CDATA[2025-08-09T18:58:19.770+0300 [main] DEBUG ru.testit.listener.BaseJunit5Listener - Intercept test template: parametrizedTest_success
2025-08-09T18:58:19.771+0300 [main] DEBUG ru.testit.services.AdapterManager - Schedule test case class TestResult {
    uuid: b26fee59-b8e7-4e5a-927d-b9fdf60670de
    externalId: parametrizedTest_success_3_string3
    workItemIds: []
    className: AnnotationTests
    spaceName: examples
    labels: []
    linkItems: []
    resultLinks: []
    attachments: []
    name: parametrizedTest_success DisplayName 3 string3
    title: parametrizedTest_success Title 3 string3
    message: null
    itemStatus: null
    itemStage: SCHEDULED
    description: 
    steps: []
    throwable: null
    start: null
    stop: null
    parameters: {str=string3, number=3}
    automaticCreationTestCases: true
    externalKey: examples.AnnotationTests.parametrizedTest_success
}
2025-08-09T18:58:19.772+0300 [main] DEBUG ru.testit.services.AdapterManager - Start test case class TestResult {
    uuid: b26fee59-b8e7-4e5a-927d-b9fdf60670de
    externalId: parametrizedTest_success_3_string3
    workItemIds: []
    className: AnnotationTests
    spaceName: examples
    labels: []
    linkItems: []
    resultLinks: []
    attachments: []
    name: parametrizedTest_success DisplayName 3 string3
    title: parametrizedTest_success Title 3 string3
    message: null
    itemStatus: null
    itemStage: RUNNING
    description: 
    steps: []
    throwable: null
    start: 1754755099772
    stop: null
    parameters: {str=string3, number=3}
    automaticCreationTestCases: true
    externalKey: examples.AnnotationTests.parametrizedTest_success
}
2025-08-09T18:58:19.773+0300 [main] DEBUG ru.testit.services.AdapterManager - Update class container 61CA1B04B5C5D5C6242A64BEC2967D2BDCFDC803A25CF949783EE51029B8EECC
2025-08-09T18:58:19.774+0300 [main] DEBUG ru.testit.listener.BaseJunit5Listener - Test successful: [3] number=3, str=string3
2025-08-09T18:58:19.774+0300 [main] DEBUG ru.testit.services.AdapterManager - Update test case b26fee59-b8e7-4e5a-927d-b9fdf60670de
2025-08-09T18:58:19.774+0300 [main] DEBUG ru.testit.services.AdapterManager - Stop test case class TestResult {
    uuid: b26fee59-b8e7-4e5a-927d-b9fdf60670de
    externalId: parametrizedTest_success_3_string3
    workItemIds: []
    className: AnnotationTests
    spaceName: examples
    labels: []
    linkItems: []
    resultLinks: []
    attachments: []
    name: parametrizedTest_success DisplayName 3 string3
    title: parametrizedTest_success Title 3 string3
    message: null
    itemStatus: PASSED
    itemStage: FINISHED
    description: 
    steps: []
    throwable: null
    start: 1754755099772
    stop: 1754755099774
    parameters: {str=string3, number=3}
    automaticCreationTestCases: true
    externalKey: examples.AnnotationTests.parametrizedTest_success
}
2025-08-09T18:58:19.775+0300 [main] DEBUG ru.testit.writers.HttpWriter - Write the auto test parametrizedTest_success_3_string3
2025-08-09T18:58:19.837+0300 [main] DEBUG ru.testit.writers.HttpWriter - Preparing to create the auto test parametrizedTest_success_3_string3
2025-08-09T18:58:20.255+0300 [main] DEBUG ru.testit.writers.HttpWriter - Preparing the test result for the auto test parametrizedTest_success_3_string3
]]></system-err>
  </testcase>
  <testcase name="parametrizedTest_failed(int, String)[1]" classname="examples.AnnotationTests" time="0.708">
    <failure type="org.opentest4j.AssertionFailedError&#10;	at org.junit.jupiter.api.AssertionUtils.fail(AssertionUtils.java"><![CDATA[org.opentest4j.AssertionFailedError
	at org.junit.jupiter.api.AssertionUtils.fail(AssertionUtils.java:35)
	at org.junit.jupiter.api.Assertions.fail(Assertions.java:115)
	at examples.AnnotationTests.parametrizedTest_failed(AnnotationTests.java:164)
	at java.base/jdk.internal.reflect.DirectMethodHandleAccessor.invoke(DirectMethodHandleAccessor.java:104)
	at java.base/java.lang.reflect.Method.invoke(Method.java:565)
	at org.junit.platform.commons.util.ReflectionUtils.invokeMethod(ReflectionUtils.java:725)
	at org.junit.jupiter.engine.execution.MethodInvocation.proceed(MethodInvocation.java:60)
	at org.junit.jupiter.engine.execution.InvocationInterceptorChain$ValidatingInvocation.proceed(InvocationInterceptorChain.java:131)
	at ru.testit.listener.BaseJunit5Listener.interceptTestTemplateMethod(BaseJunit5Listener.java:173)
	at org.junit.jupiter.engine.execution.ExecutableInvoker$ReflectiveInterceptorCall.lambda$ofVoidMethod$0(ExecutableInvoker.java:115)
	at org.junit.jupiter.engine.execution.ExecutableInvoker.lambda$invoke$0(ExecutableInvoker.java:105)
	at org.junit.jupiter.engine.execution.InvocationInterceptorChain$InterceptedInvocation.proceed(InvocationInterceptorChain.java:106)
	at org.junit.jupiter.engine.extension.TimeoutExtension.intercept(TimeoutExtension.java:149)
	at org.junit.jupiter.engine.extension.TimeoutExtension.interceptTestableMethod(TimeoutExtension.java:140)
	at org.junit.jupiter.engine.extension.TimeoutExtension.interceptTestTemplateMethod(TimeoutExtension.java:92)
	at org.junit.jupiter.engine.execution.ExecutableInvoker$ReflectiveInterceptorCall.lambda$ofVoidMethod$0(ExecutableInvoker.java:115)
	at org.junit.jupiter.engine.execution.ExecutableInvoker.lambda$invoke$0(ExecutableInvoker.java:105)
	at org.junit.jupiter.engine.execution.InvocationInterceptorChain$InterceptedInvocation.proceed(InvocationInterceptorChain.java:106)
	at org.junit.jupiter.engine.execution.InvocationInterceptorChain.proceed(InvocationInterceptorChain.java:64)
	at org.junit.jupiter.engine.execution.InvocationInterceptorChain.chainAndInvoke(InvocationInterceptorChain.java:45)
	at org.junit.jupiter.engine.execution.InvocationInterceptorChain.invoke(InvocationInterceptorChain.java:37)
	at org.junit.jupiter.engine.execution.ExecutableInvoker.invoke(ExecutableInvoker.java:104)
	at org.junit.jupiter.engine.execution.ExecutableInvoker.invoke(ExecutableInvoker.java:98)
	at org.junit.jupiter.engine.descriptor.TestMethodTestDescriptor.lambda$invokeTestMethod$7(TestMethodTestDescriptor.java:214)
	at org.junit.platform.engine.support.hierarchical.ThrowableCollector.execute(ThrowableCollector.java:73)
	at org.junit.jupiter.engine.descriptor.TestMethodTestDescriptor.invokeTestMethod(TestMethodTestDescriptor.java:210)
	at org.junit.jupiter.engine.descriptor.TestMethodTestDescriptor.execute(TestMethodTestDescriptor.java:135)
	at org.junit.jupiter.engine.descriptor.TestMethodTestDescriptor.execute(TestMethodTestDescriptor.java:66)
	at org.junit.platform.engine.support.hierarchical.NodeTestTask.lambda$executeRecursively$6(NodeTestTask.java:151)
	at org.junit.platform.engine.support.hierarchical.ThrowableCollector.execute(ThrowableCollector.java:73)
	at org.junit.platform.engine.support.hierarchical.NodeTestTask.lambda$executeRecursively$8(NodeTestTask.java:141)
	at org.junit.platform.engine.support.hierarchical.Node.around(Node.java:137)
	at org.junit.platform.engine.support.hierarchical.NodeTestTask.lambda$executeRecursively$9(NodeTestTask.java:139)
	at org.junit.platform.engine.support.hierarchical.ThrowableCollector.execute(ThrowableCollector.java:73)
	at org.junit.platform.engine.support.hierarchical.NodeTestTask.executeRecursively(NodeTestTask.java:138)
	at org.junit.platform.engine.support.hierarchical.NodeTestTask.execute(NodeTestTask.java:95)
	at org.junit.platform.engine.support.hierarchical.SameThreadHierarchicalTestExecutorService.submit(SameThreadHierarchicalTestExecutorService.java:35)
	at org.junit.platform.engine.support.hierarchical.NodeTestTask$DefaultDynamicTestExecutor.execute(NodeTestTask.java:226)
	at org.junit.platform.engine.support.hierarchical.NodeTestTask$DefaultDynamicTestExecutor.execute(NodeTestTask.java:204)
	at org.junit.jupiter.engine.descriptor.TestTemplateTestDescriptor.execute(TestTemplateTestDescriptor.java:139)
	at org.junit.jupiter.engine.descriptor.TestTemplateTestDescriptor.lambda$execute$2(TestTemplateTestDescriptor.java:107)
	at java.base/java.util.stream.ForEachOps$ForEachOp$OfRef.accept(ForEachOps.java:186)
	at java.base/java.util.stream.ReferencePipeline$3$1.accept(ReferencePipeline.java:215)
	at java.base/java.util.stream.ReferencePipeline$2$1.accept(ReferencePipeline.java:197)
	at java.base/java.util.stream.ReferencePipeline$3$1.accept(ReferencePipeline.java:215)
	at java.base/java.util.stream.ForEachOps$ForEachOp$OfRef.accept(ForEachOps.java:186)
	at java.base/java.util.stream.ReferencePipeline$3$1.accept(ReferencePipeline.java:215)
	at java.base/java.util.stream.ReferencePipeline$3$1.accept(ReferencePipeline.java:215)
	at java.base/java.util.stream.ReferencePipeline$3$1.accept(ReferencePipeline.java:215)
	at java.base/java.util.stream.ForEachOps$ForEachOp$OfRef.accept(ForEachOps.java:186)
	at java.base/java.util.stream.ReferencePipeline$3$1.accept(ReferencePipeline.java:215)
	at java.base/java.util.Spliterators$ArraySpliterator.forEachRemaining(Spliterators.java:1024)
	at java.base/java.util.stream.ReferencePipeline$Head.forEach(ReferencePipeline.java:807)
	at java.base/java.util.stream.ReferencePipeline$7$1FlatMap.accept(ReferencePipeline.java:294)
	at java.base/java.util.stream.ReferencePipeline$3$1.accept(ReferencePipeline.java:215)
	at java.base/java.util.stream.ReferencePipeline$3$1.accept(ReferencePipeline.java:215)
	at java.base/java.util.Spliterators$ArraySpliterator.forEachRemaining(Spliterators.java:1024)
	at java.base/java.util.stream.AbstractPipeline.copyInto(AbstractPipeline.java:570)
	at java.base/java.util.stream.AbstractPipeline.wrapAndCopyInto(AbstractPipeline.java:560)
	at java.base/java.util.stream.ForEachOps$ForEachOp.evaluateSequential(ForEachOps.java:153)
	at java.base/java.util.stream.ForEachOps$ForEachOp$OfRef.evaluateSequential(ForEachOps.java:176)
	at java.base/java.util.stream.AbstractPipeline.evaluate(AbstractPipeline.java:265)
	at java.base/java.util.stream.ReferencePipeline.forEach(ReferencePipeline.java:636)
	at java.base/java.util.stream.ReferencePipeline$7$1FlatMap.accept(ReferencePipeline.java:294)
	at java.base/java.util.stream.ReferencePipeline$3$1.accept(ReferencePipeline.java:215)
	at java.base/java.util.stream.ReferencePipeline$3$1.accept(ReferencePipeline.java:215)
	at java.base/java.util.stream.ReferencePipeline$3$1.accept(ReferencePipeline.java:215)
	at java.base/java.util.ArrayList$ArrayListSpliterator.forEachRemaining(ArrayList.java:1716)
	at java.base/java.util.stream.AbstractPipeline.copyInto(AbstractPipeline.java:570)
	at java.base/java.util.stream.AbstractPipeline.wrapAndCopyInto(AbstractPipeline.java:560)
	at java.base/java.util.stream.ForEachOps$ForEachOp.evaluateSequential(ForEachOps.java:153)
	at java.base/java.util.stream.ForEachOps$ForEachOp$OfRef.evaluateSequential(ForEachOps.java:176)
	at java.base/java.util.stream.AbstractPipeline.evaluate(AbstractPipeline.java:265)
	at java.base/java.util.stream.ReferencePipeline.forEach(ReferencePipeline.java:636)
	at java.base/java.util.stream.ReferencePipeline$7$1FlatMap.accept(ReferencePipeline.java:294)
	at java.base/java.util.ArrayList$ArrayListSpliterator.forEachRemaining(ArrayList.java:1716)
	at java.base/java.util.stream.AbstractPipeline.copyInto(AbstractPipeline.java:570)
	at java.base/java.util.stream.AbstractPipeline.wrapAndCopyInto(AbstractPipeline.java:560)
	at java.base/java.util.stream.ForEachOps$ForEachOp.evaluateSequential(ForEachOps.java:153)
	at java.base/java.util.stream.ForEachOps$ForEachOp$OfRef.evaluateSequential(ForEachOps.java:176)
	at java.base/java.util.stream.AbstractPipeline.evaluate(AbstractPipeline.java:265)
	at java.base/java.util.stream.ReferencePipeline.forEach(ReferencePipeline.java:636)
	at org.junit.jupiter.engine.descriptor.TestTemplateTestDescriptor.execute(TestTemplateTestDescriptor.java:107)
	at org.junit.jupiter.engine.descriptor.TestTemplateTestDescriptor.execute(TestTemplateTestDescriptor.java:42)
	at org.junit.platform.engine.support.hierarchical.NodeTestTask.lambda$executeRecursively$6(NodeTestTask.java:151)
	at org.junit.platform.engine.support.hierarchical.ThrowableCollector.execute(ThrowableCollector.java:73)
	at org.junit.platform.engine.support.hierarchical.NodeTestTask.lambda$executeRecursively$8(NodeTestTask.java:141)
	at org.junit.platform.engine.support.hierarchical.Node.around(Node.java:137)
	at org.junit.platform.engine.support.hierarchical.NodeTestTask.lambda$executeRecursively$9(NodeTestTask.java:139)
	at org.junit.platform.engine.support.hierarchical.ThrowableCollector.execute(ThrowableCollector.java:73)
	at org.junit.platform.engine.support.hierarchical.NodeTestTask.executeRecursively(NodeTestTask.java:138)
	at org.junit.platform.engine.support.hierarchical.NodeTestTask.execute(NodeTestTask.java:95)
	at java.base/java.util.ArrayList.forEach(ArrayList.java:1604)
	at org.junit.platform.engine.support.hierarchical.SameThreadHierarchicalTestExecutorService.invokeAll(SameThreadHierarchicalTestExecutorService.java:41)
	at org.junit.platform.engine.support.hierarchical.NodeTestTask.lambda$executeRecursively$6(NodeTestTask.java:155)
	at org.junit.platform.engine.support.hierarchical.ThrowableCollector.execute(ThrowableCollector.java:73)
	at org.junit.platform.engine.support.hierarchical.NodeTestTask.lambda$executeRecursively$8(NodeTestTask.java:141)
	at org.junit.platform.engine.support.hierarchical.Node.around(Node.java:137)
	at org.junit.platform.engine.support.hierarchical.NodeTestTask.lambda$executeRecursively$9(NodeTestTask.java:139)
	at org.junit.platform.engine.support.hierarchical.ThrowableCollector.execute(ThrowableCollector.java:73)
	at org.junit.platform.engine.support.hierarchical.NodeTestTask.executeRecursively(NodeTestTask.java:138)
	at org.junit.platform.engine.support.hierarchical.NodeTestTask.execute(NodeTestTask.java:95)
	at java.base/java.util.ArrayList.forEach(ArrayList.java:1604)
	at org.junit.platform.engine.support.hierarchical.SameThreadHierarchicalTestExecutorService.invokeAll(SameThreadHierarchicalTestExecutorService.java:41)
	at org.junit.platform.engine.support.hierarchical.NodeTestTask.lambda$executeRecursively$6(NodeTestTask.java:155)
	at org.junit.platform.engine.support.hierarchical.ThrowableCollector.execute(ThrowableCollector.java:73)
	at org.junit.platform.engine.support.hierarchical.NodeTestTask.lambda$executeRecursively$8(NodeTestTask.java:141)
	at org.junit.platform.engine.support.hierarchical.Node.around(Node.java:137)
	at org.junit.platform.engine.support.hierarchical.NodeTestTask.lambda$executeRecursively$9(NodeTestTask.java:139)
	at org.junit.platform.engine.support.hierarchical.ThrowableCollector.execute(ThrowableCollector.java:73)
	at org.junit.platform.engine.support.hierarchical.NodeTestTask.executeRecursively(NodeTestTask.java:138)
	at org.junit.platform.engine.support.hierarchical.NodeTestTask.execute(NodeTestTask.java:95)
	at org.junit.platform.engine.support.hierarchical.SameThreadHierarchicalTestExecutorService.submit(SameThreadHierarchicalTestExecutorService.java:35)
	at org.junit.platform.engine.support.hierarchical.HierarchicalTestExecutor.execute(HierarchicalTestExecutor.java:57)
	at org.junit.platform.engine.support.hierarchical.HierarchicalTestEngine.execute(HierarchicalTestEngine.java:54)
	at org.junit.platform.launcher.core.EngineExecutionOrchestrator.execute(EngineExecutionOrchestrator.java:147)
	at org.junit.platform.launcher.core.EngineExecutionOrchestrator.execute(EngineExecutionOrchestrator.java:127)
	at org.junit.platform.launcher.core.EngineExecutionOrchestrator.execute(EngineExecutionOrchestrator.java:90)
	at org.junit.platform.launcher.core.EngineExecutionOrchestrator.lambda$execute$0(EngineExecutionOrchestrator.java:55)
	at org.junit.platform.launcher.core.EngineExecutionOrchestrator.withInterceptedStreams(EngineExecutionOrchestrator.java:102)
	at org.junit.platform.launcher.core.EngineExecutionOrchestrator.execute(EngineExecutionOrchestrator.java:54)
	at org.junit.platform.launcher.core.DefaultLauncher.execute(DefaultLauncher.java:114)
	at org.junit.platform.launcher.core.DefaultLauncher.execute(DefaultLauncher.java:86)
	at org.junit.platform.launcher.core.DefaultLauncherSession$DelegatingLauncher.execute(DefaultLauncherSession.java:86)
	at org.apache.maven.surefire.junitplatform.LazyLauncher.execute(LazyLauncher.java:56)
	at org.apache.maven.surefire.junitplatform.JUnitPlatformProvider.execute(JUnitPlatformProvider.java:184)
	at org.apache.maven.surefire.junitplatform.JUnitPlatformProvider.invokeAllTests(JUnitPlatformProvider.java:148)
	at org.apache.maven.surefire.junitplatform.JUnitPlatformProvider.invoke(JUnitPlatformProvider.java:122)
	at org.apache.maven.surefire.booter.ForkedBooter.runSuitesInProcess(ForkedBooter.java:385)
	at org.apache.maven.surefire.booter.ForkedBooter.execute(ForkedBooter.java:162)
	at org.apache.maven.surefire.booter.ForkedBooter.run(ForkedBooter.java:507)
	at org.apache.maven.surefire.booter.ForkedBooter.main(ForkedBooter.java:495)
]]></failure>
    <system-err><![CDATA[2025-08-09T18:58:20.533+0300 [main] DEBUG ru.testit.listener.BaseJunit5Listener - Intercept test template: parametrizedTest_failed
2025-08-09T18:58:20.533+0300 [main] DEBUG ru.testit.services.AdapterManager - Schedule test case class TestResult {
    uuid: 099394b8-826c-4853-8582-2a39c27f5509
    externalId: parametrizedTest_success_1_string1
    workItemIds: []
    className: AnnotationTests
    spaceName: examples
    labels: []
    linkItems: []
    resultLinks: []
    attachments: []
    name: parametrizedTest_success DisplayName 1 string1
    title: parametrizedTest_success Title 1 string1
    message: null
    itemStatus: null
    itemStage: SCHEDULED
    description: 
    steps: []
    throwable: null
    start: null
    stop: null
    parameters: {str=string1, number=1}
    automaticCreationTestCases: true
    externalKey: examples.AnnotationTests.parametrizedTest_failed
}
2025-08-09T18:58:20.533+0300 [main] DEBUG ru.testit.services.AdapterManager - Start test case class TestResult {
    uuid: 099394b8-826c-4853-8582-2a39c27f5509
    externalId: parametrizedTest_success_1_string1
    workItemIds: []
    className: AnnotationTests
    spaceName: examples
    labels: []
    linkItems: []
    resultLinks: []
    attachments: []
    name: parametrizedTest_success DisplayName 1 string1
    title: parametrizedTest_success Title 1 string1
    message: null
    itemStatus: null
    itemStage: RUNNING
    description: 
    steps: []
    throwable: null
    start: 1754755100533
    stop: null
    parameters: {str=string1, number=1}
    automaticCreationTestCases: true
    externalKey: examples.AnnotationTests.parametrizedTest_failed
}
2025-08-09T18:58:20.534+0300 [main] DEBUG ru.testit.services.AdapterManager - Update class container 61CA1B04B5C5D5C6242A64BEC2967D2BDCFDC803A25CF949783EE51029B8EECC
2025-08-09T18:58:20.535+0300 [main] DEBUG ru.testit.listener.BaseJunit5Listener - Test failed: [1] number=1, str=string1
2025-08-09T18:58:20.535+0300 [main] DEBUG ru.testit.services.AdapterManager - Update test case 099394b8-826c-4853-8582-2a39c27f5509
2025-08-09T18:58:20.535+0300 [main] DEBUG ru.testit.services.AdapterManager - Stop test case class TestResult {
    uuid: 099394b8-826c-4853-8582-2a39c27f5509
    externalId: parametrizedTest_success_1_string1
    workItemIds: []
    className: AnnotationTests
    spaceName: examples
    labels: []
    linkItems: []
    resultLinks: []
    attachments: []
    name: parametrizedTest_success DisplayName 1 string1
    title: parametrizedTest_success Title 1 string1
    message: null
    itemStatus: FAILED
    itemStage: FINISHED
    description: 
    steps: []
    throwable: org.opentest4j.AssertionFailedError
    start: 1754755100533
    stop: 1754755100535
    parameters: {str=string1, number=1}
    automaticCreationTestCases: true
    externalKey: examples.AnnotationTests.parametrizedTest_failed
}
2025-08-09T18:58:20.535+0300 [main] DEBUG ru.testit.writers.HttpWriter - Write the auto test parametrizedTest_success_1_string1
2025-08-09T18:58:20.631+0300 [main] DEBUG ru.testit.writers.HttpWriter - The auto test parametrizedTest_success_1_string1 is exist
2025-08-09T18:58:20.631+0300 [main] DEBUG ru.testit.writers.HttpWriter - Preparing to update the auto test parametrizedTest_success_1_string1
2025-08-09T18:58:20.988+0300 [main] DEBUG ru.testit.writers.HttpWriter - Preparing the test result for the auto test parametrizedTest_success_1_string1
]]></system-err>
  </testcase>
  <testcase name="parametrizedTest_failed(int, String)[2]" classname="examples.AnnotationTests" time="0.721">
    <failure type="org.opentest4j.AssertionFailedError&#10;	at org.junit.jupiter.api.AssertionUtils.fail(AssertionUtils.java"><![CDATA[org.opentest4j.AssertionFailedError
	at org.junit.jupiter.api.AssertionUtils.fail(AssertionUtils.java:35)
	at org.junit.jupiter.api.Assertions.fail(Assertions.java:115)
	at examples.AnnotationTests.parametrizedTest_failed(AnnotationTests.java:164)
	at java.base/jdk.internal.reflect.DirectMethodHandleAccessor.invoke(DirectMethodHandleAccessor.java:104)
	at java.base/java.lang.reflect.Method.invoke(Method.java:565)
	at org.junit.platform.commons.util.ReflectionUtils.invokeMethod(ReflectionUtils.java:725)
	at org.junit.jupiter.engine.execution.MethodInvocation.proceed(MethodInvocation.java:60)
	at org.junit.jupiter.engine.execution.InvocationInterceptorChain$ValidatingInvocation.proceed(InvocationInterceptorChain.java:131)
	at ru.testit.listener.BaseJunit5Listener.interceptTestTemplateMethod(BaseJunit5Listener.java:173)
	at org.junit.jupiter.engine.execution.ExecutableInvoker$ReflectiveInterceptorCall.lambda$ofVoidMethod$0(ExecutableInvoker.java:115)
	at org.junit.jupiter.engine.execution.ExecutableInvoker.lambda$invoke$0(ExecutableInvoker.java:105)
	at org.junit.jupiter.engine.execution.InvocationInterceptorChain$InterceptedInvocation.proceed(InvocationInterceptorChain.java:106)
	at org.junit.jupiter.engine.extension.TimeoutExtension.intercept(TimeoutExtension.java:149)
	at org.junit.jupiter.engine.extension.TimeoutExtension.interceptTestableMethod(TimeoutExtension.java:140)
	at org.junit.jupiter.engine.extension.TimeoutExtension.interceptTestTemplateMethod(TimeoutExtension.java:92)
	at org.junit.jupiter.engine.execution.ExecutableInvoker$ReflectiveInterceptorCall.lambda$ofVoidMethod$0(ExecutableInvoker.java:115)
	at org.junit.jupiter.engine.execution.ExecutableInvoker.lambda$invoke$0(ExecutableInvoker.java:105)
	at org.junit.jupiter.engine.execution.InvocationInterceptorChain$InterceptedInvocation.proceed(InvocationInterceptorChain.java:106)
	at org.junit.jupiter.engine.execution.InvocationInterceptorChain.proceed(InvocationInterceptorChain.java:64)
	at org.junit.jupiter.engine.execution.InvocationInterceptorChain.chainAndInvoke(InvocationInterceptorChain.java:45)
	at org.junit.jupiter.engine.execution.InvocationInterceptorChain.invoke(InvocationInterceptorChain.java:37)
	at org.junit.jupiter.engine.execution.ExecutableInvoker.invoke(ExecutableInvoker.java:104)
	at org.junit.jupiter.engine.execution.ExecutableInvoker.invoke(ExecutableInvoker.java:98)
	at org.junit.jupiter.engine.descriptor.TestMethodTestDescriptor.lambda$invokeTestMethod$7(TestMethodTestDescriptor.java:214)
	at org.junit.platform.engine.support.hierarchical.ThrowableCollector.execute(ThrowableCollector.java:73)
	at org.junit.jupiter.engine.descriptor.TestMethodTestDescriptor.invokeTestMethod(TestMethodTestDescriptor.java:210)
	at org.junit.jupiter.engine.descriptor.TestMethodTestDescriptor.execute(TestMethodTestDescriptor.java:135)
	at org.junit.jupiter.engine.descriptor.TestMethodTestDescriptor.execute(TestMethodTestDescriptor.java:66)
	at org.junit.platform.engine.support.hierarchical.NodeTestTask.lambda$executeRecursively$6(NodeTestTask.java:151)
	at org.junit.platform.engine.support.hierarchical.ThrowableCollector.execute(ThrowableCollector.java:73)
	at org.junit.platform.engine.support.hierarchical.NodeTestTask.lambda$executeRecursively$8(NodeTestTask.java:141)
	at org.junit.platform.engine.support.hierarchical.Node.around(Node.java:137)
	at org.junit.platform.engine.support.hierarchical.NodeTestTask.lambda$executeRecursively$9(NodeTestTask.java:139)
	at org.junit.platform.engine.support.hierarchical.ThrowableCollector.execute(ThrowableCollector.java:73)
	at org.junit.platform.engine.support.hierarchical.NodeTestTask.executeRecursively(NodeTestTask.java:138)
	at org.junit.platform.engine.support.hierarchical.NodeTestTask.execute(NodeTestTask.java:95)
	at org.junit.platform.engine.support.hierarchical.SameThreadHierarchicalTestExecutorService.submit(SameThreadHierarchicalTestExecutorService.java:35)
	at org.junit.platform.engine.support.hierarchical.NodeTestTask$DefaultDynamicTestExecutor.execute(NodeTestTask.java:226)
	at org.junit.platform.engine.support.hierarchical.NodeTestTask$DefaultDynamicTestExecutor.execute(NodeTestTask.java:204)
	at org.junit.jupiter.engine.descriptor.TestTemplateTestDescriptor.execute(TestTemplateTestDescriptor.java:139)
	at org.junit.jupiter.engine.descriptor.TestTemplateTestDescriptor.lambda$execute$2(TestTemplateTestDescriptor.java:107)
	at java.base/java.util.stream.ForEachOps$ForEachOp$OfRef.accept(ForEachOps.java:186)
	at java.base/java.util.stream.ReferencePipeline$3$1.accept(ReferencePipeline.java:215)
	at java.base/java.util.stream.ReferencePipeline$2$1.accept(ReferencePipeline.java:197)
	at java.base/java.util.stream.ReferencePipeline$3$1.accept(ReferencePipeline.java:215)
	at java.base/java.util.stream.ForEachOps$ForEachOp$OfRef.accept(ForEachOps.java:186)
	at java.base/java.util.stream.ReferencePipeline$3$1.accept(ReferencePipeline.java:215)
	at java.base/java.util.stream.ReferencePipeline$3$1.accept(ReferencePipeline.java:215)
	at java.base/java.util.stream.ReferencePipeline$3$1.accept(ReferencePipeline.java:215)
	at java.base/java.util.stream.ForEachOps$ForEachOp$OfRef.accept(ForEachOps.java:186)
	at java.base/java.util.stream.ReferencePipeline$3$1.accept(ReferencePipeline.java:215)
	at java.base/java.util.Spliterators$ArraySpliterator.forEachRemaining(Spliterators.java:1024)
	at java.base/java.util.stream.ReferencePipeline$Head.forEach(ReferencePipeline.java:807)
	at java.base/java.util.stream.ReferencePipeline$7$1FlatMap.accept(ReferencePipeline.java:294)
	at java.base/java.util.stream.ReferencePipeline$3$1.accept(ReferencePipeline.java:215)
	at java.base/java.util.stream.ReferencePipeline$3$1.accept(ReferencePipeline.java:215)
	at java.base/java.util.Spliterators$ArraySpliterator.forEachRemaining(Spliterators.java:1024)
	at java.base/java.util.stream.AbstractPipeline.copyInto(AbstractPipeline.java:570)
	at java.base/java.util.stream.AbstractPipeline.wrapAndCopyInto(AbstractPipeline.java:560)
	at java.base/java.util.stream.ForEachOps$ForEachOp.evaluateSequential(ForEachOps.java:153)
	at java.base/java.util.stream.ForEachOps$ForEachOp$OfRef.evaluateSequential(ForEachOps.java:176)
	at java.base/java.util.stream.AbstractPipeline.evaluate(AbstractPipeline.java:265)
	at java.base/java.util.stream.ReferencePipeline.forEach(ReferencePipeline.java:636)
	at java.base/java.util.stream.ReferencePipeline$7$1FlatMap.accept(ReferencePipeline.java:294)
	at java.base/java.util.stream.ReferencePipeline$3$1.accept(ReferencePipeline.java:215)
	at java.base/java.util.stream.ReferencePipeline$3$1.accept(ReferencePipeline.java:215)
	at java.base/java.util.stream.ReferencePipeline$3$1.accept(ReferencePipeline.java:215)
	at java.base/java.util.ArrayList$ArrayListSpliterator.forEachRemaining(ArrayList.java:1716)
	at java.base/java.util.stream.AbstractPipeline.copyInto(AbstractPipeline.java:570)
	at java.base/java.util.stream.AbstractPipeline.wrapAndCopyInto(AbstractPipeline.java:560)
	at java.base/java.util.stream.ForEachOps$ForEachOp.evaluateSequential(ForEachOps.java:153)
	at java.base/java.util.stream.ForEachOps$ForEachOp$OfRef.evaluateSequential(ForEachOps.java:176)
	at java.base/java.util.stream.AbstractPipeline.evaluate(AbstractPipeline.java:265)
	at java.base/java.util.stream.ReferencePipeline.forEach(ReferencePipeline.java:636)
	at java.base/java.util.stream.ReferencePipeline$7$1FlatMap.accept(ReferencePipeline.java:294)
	at java.base/java.util.ArrayList$ArrayListSpliterator.forEachRemaining(ArrayList.java:1716)
	at java.base/java.util.stream.AbstractPipeline.copyInto(AbstractPipeline.java:570)
	at java.base/java.util.stream.AbstractPipeline.wrapAndCopyInto(AbstractPipeline.java:560)
	at java.base/java.util.stream.ForEachOps$ForEachOp.evaluateSequential(ForEachOps.java:153)
	at java.base/java.util.stream.ForEachOps$ForEachOp$OfRef.evaluateSequential(ForEachOps.java:176)
	at java.base/java.util.stream.AbstractPipeline.evaluate(AbstractPipeline.java:265)
	at java.base/java.util.stream.ReferencePipeline.forEach(ReferencePipeline.java:636)
	at org.junit.jupiter.engine.descriptor.TestTemplateTestDescriptor.execute(TestTemplateTestDescriptor.java:107)
	at org.junit.jupiter.engine.descriptor.TestTemplateTestDescriptor.execute(TestTemplateTestDescriptor.java:42)
	at org.junit.platform.engine.support.hierarchical.NodeTestTask.lambda$executeRecursively$6(NodeTestTask.java:151)
	at org.junit.platform.engine.support.hierarchical.ThrowableCollector.execute(ThrowableCollector.java:73)
	at org.junit.platform.engine.support.hierarchical.NodeTestTask.lambda$executeRecursively$8(NodeTestTask.java:141)
	at org.junit.platform.engine.support.hierarchical.Node.around(Node.java:137)
	at org.junit.platform.engine.support.hierarchical.NodeTestTask.lambda$executeRecursively$9(NodeTestTask.java:139)
	at org.junit.platform.engine.support.hierarchical.ThrowableCollector.execute(ThrowableCollector.java:73)
	at org.junit.platform.engine.support.hierarchical.NodeTestTask.executeRecursively(NodeTestTask.java:138)
	at org.junit.platform.engine.support.hierarchical.NodeTestTask.execute(NodeTestTask.java:95)
	at java.base/java.util.ArrayList.forEach(ArrayList.java:1604)
	at org.junit.platform.engine.support.hierarchical.SameThreadHierarchicalTestExecutorService.invokeAll(SameThreadHierarchicalTestExecutorService.java:41)
	at org.junit.platform.engine.support.hierarchical.NodeTestTask.lambda$executeRecursively$6(NodeTestTask.java:155)
	at org.junit.platform.engine.support.hierarchical.ThrowableCollector.execute(ThrowableCollector.java:73)
	at org.junit.platform.engine.support.hierarchical.NodeTestTask.lambda$executeRecursively$8(NodeTestTask.java:141)
	at org.junit.platform.engine.support.hierarchical.Node.around(Node.java:137)
	at org.junit.platform.engine.support.hierarchical.NodeTestTask.lambda$executeRecursively$9(NodeTestTask.java:139)
	at org.junit.platform.engine.support.hierarchical.ThrowableCollector.execute(ThrowableCollector.java:73)
	at org.junit.platform.engine.support.hierarchical.NodeTestTask.executeRecursively(NodeTestTask.java:138)
	at org.junit.platform.engine.support.hierarchical.NodeTestTask.execute(NodeTestTask.java:95)
	at java.base/java.util.ArrayList.forEach(ArrayList.java:1604)
	at org.junit.platform.engine.support.hierarchical.SameThreadHierarchicalTestExecutorService.invokeAll(SameThreadHierarchicalTestExecutorService.java:41)
	at org.junit.platform.engine.support.hierarchical.NodeTestTask.lambda$executeRecursively$6(NodeTestTask.java:155)
	at org.junit.platform.engine.support.hierarchical.ThrowableCollector.execute(ThrowableCollector.java:73)
	at org.junit.platform.engine.support.hierarchical.NodeTestTask.lambda$executeRecursively$8(NodeTestTask.java:141)
	at org.junit.platform.engine.support.hierarchical.Node.around(Node.java:137)
	at org.junit.platform.engine.support.hierarchical.NodeTestTask.lambda$executeRecursively$9(NodeTestTask.java:139)
	at org.junit.platform.engine.support.hierarchical.ThrowableCollector.execute(ThrowableCollector.java:73)
	at org.junit.platform.engine.support.hierarchical.NodeTestTask.executeRecursively(NodeTestTask.java:138)
	at org.junit.platform.engine.support.hierarchical.NodeTestTask.execute(NodeTestTask.java:95)
	at org.junit.platform.engine.support.hierarchical.SameThreadHierarchicalTestExecutorService.submit(SameThreadHierarchicalTestExecutorService.java:35)
	at org.junit.platform.engine.support.hierarchical.HierarchicalTestExecutor.execute(HierarchicalTestExecutor.java:57)
	at org.junit.platform.engine.support.hierarchical.HierarchicalTestEngine.execute(HierarchicalTestEngine.java:54)
	at org.junit.platform.launcher.core.EngineExecutionOrchestrator.execute(EngineExecutionOrchestrator.java:147)
	at org.junit.platform.launcher.core.EngineExecutionOrchestrator.execute(EngineExecutionOrchestrator.java:127)
	at org.junit.platform.launcher.core.EngineExecutionOrchestrator.execute(EngineExecutionOrchestrator.java:90)
	at org.junit.platform.launcher.core.EngineExecutionOrchestrator.lambda$execute$0(EngineExecutionOrchestrator.java:55)
	at org.junit.platform.launcher.core.EngineExecutionOrchestrator.withInterceptedStreams(EngineExecutionOrchestrator.java:102)
	at org.junit.platform.launcher.core.EngineExecutionOrchestrator.execute(EngineExecutionOrchestrator.java:54)
	at org.junit.platform.launcher.core.DefaultLauncher.execute(DefaultLauncher.java:114)
	at org.junit.platform.launcher.core.DefaultLauncher.execute(DefaultLauncher.java:86)
	at org.junit.platform.launcher.core.DefaultLauncherSession$DelegatingLauncher.execute(DefaultLauncherSession.java:86)
	at org.apache.maven.surefire.junitplatform.LazyLauncher.execute(LazyLauncher.java:56)
	at org.apache.maven.surefire.junitplatform.JUnitPlatformProvider.execute(JUnitPlatformProvider.java:184)
	at org.apache.maven.surefire.junitplatform.JUnitPlatformProvider.invokeAllTests(JUnitPlatformProvider.java:148)
	at org.apache.maven.surefire.junitplatform.JUnitPlatformProvider.invoke(JUnitPlatformProvider.java:122)
	at org.apache.maven.surefire.booter.ForkedBooter.runSuitesInProcess(ForkedBooter.java:385)
	at org.apache.maven.surefire.booter.ForkedBooter.execute(ForkedBooter.java:162)
	at org.apache.maven.surefire.booter.ForkedBooter.run(ForkedBooter.java:507)
	at org.apache.maven.surefire.booter.ForkedBooter.main(ForkedBooter.java:495)
]]></failure>
    <system-err><![CDATA[2025-08-09T18:58:21.250+0300 [main] DEBUG ru.testit.listener.BaseJunit5Listener - Intercept test template: parametrizedTest_failed
2025-08-09T18:58:21.252+0300 [main] DEBUG ru.testit.services.AdapterManager - Schedule test case class TestResult {
    uuid: 227b8343-ae89-4d61-ac02-1b4d369ac322
    externalId: parametrizedTest_success_2_string2
    workItemIds: []
    className: AnnotationTests
    spaceName: examples
    labels: []
    linkItems: []
    resultLinks: []
    attachments: []
    name: parametrizedTest_success DisplayName 2 string2
    title: parametrizedTest_success Title 2 string2
    message: null
    itemStatus: null
    itemStage: SCHEDULED
    description: 
    steps: []
    throwable: null
    start: null
    stop: null
    parameters: {str=string2, number=2}
    automaticCreationTestCases: true
    externalKey: examples.AnnotationTests.parametrizedTest_failed
}
2025-08-09T18:58:21.253+0300 [main] DEBUG ru.testit.services.AdapterManager - Start test case class TestResult {
    uuid: 227b8343-ae89-4d61-ac02-1b4d369ac322
    externalId: parametrizedTest_success_2_string2
    workItemIds: []
    className: AnnotationTests
    spaceName: examples
    labels: []
    linkItems: []
    resultLinks: []
    attachments: []
    name: parametrizedTest_success DisplayName 2 string2
    title: parametrizedTest_success Title 2 string2
    message: null
    itemStatus: null
    itemStage: RUNNING
    description: 
    steps: []
    throwable: null
    start: 1754755101253
    stop: null
    parameters: {str=string2, number=2}
    automaticCreationTestCases: true
    externalKey: examples.AnnotationTests.parametrizedTest_failed
}
2025-08-09T18:58:21.254+0300 [main] DEBUG ru.testit.services.AdapterManager - Update class container 61CA1B04B5C5D5C6242A64BEC2967D2BDCFDC803A25CF949783EE51029B8EECC
2025-08-09T18:58:21.255+0300 [main] DEBUG ru.testit.listener.BaseJunit5Listener - Test failed: [2] number=2, str=string2
2025-08-09T18:58:21.256+0300 [main] DEBUG ru.testit.services.AdapterManager - Update test case 227b8343-ae89-4d61-ac02-1b4d369ac322
2025-08-09T18:58:21.256+0300 [main] DEBUG ru.testit.services.AdapterManager - Stop test case class TestResult {
    uuid: 227b8343-ae89-4d61-ac02-1b4d369ac322
    externalId: parametrizedTest_success_2_string2
    workItemIds: []
    className: AnnotationTests
    spaceName: examples
    labels: []
    linkItems: []
    resultLinks: []
    attachments: []
    name: parametrizedTest_success DisplayName 2 string2
    title: parametrizedTest_success Title 2 string2
    message: null
    itemStatus: FAILED
    itemStage: FINISHED
    description: 
    steps: []
    throwable: org.opentest4j.AssertionFailedError
    start: 1754755101253
    stop: 1754755101256
    parameters: {str=string2, number=2}
    automaticCreationTestCases: true
    externalKey: examples.AnnotationTests.parametrizedTest_failed
}
2025-08-09T18:58:21.256+0300 [main] DEBUG ru.testit.writers.HttpWriter - Write the auto test parametrizedTest_success_2_string2
2025-08-09T18:58:21.373+0300 [main] DEBUG ru.testit.writers.HttpWriter - The auto test parametrizedTest_success_2_string2 is exist
2025-08-09T18:58:21.374+0300 [main] DEBUG ru.testit.writers.HttpWriter - Preparing to update the auto test parametrizedTest_success_2_string2
2025-08-09T18:58:21.713+0300 [main] DEBUG ru.testit.writers.HttpWriter - Preparing the test result for the auto test parametrizedTest_success_2_string2
]]></system-err>
  </testcase>
  <testcase name="parametrizedTest_failed(int, String)[3]" classname="examples.AnnotationTests" time="0.68">
    <failure type="org.opentest4j.AssertionFailedError&#10;	at org.junit.jupiter.api.AssertionUtils.fail(AssertionUtils.java"><![CDATA[org.opentest4j.AssertionFailedError
	at org.junit.jupiter.api.AssertionUtils.fail(AssertionUtils.java:35)
	at org.junit.jupiter.api.Assertions.fail(Assertions.java:115)
	at examples.AnnotationTests.parametrizedTest_failed(AnnotationTests.java:164)
	at java.base/jdk.internal.reflect.DirectMethodHandleAccessor.invoke(DirectMethodHandleAccessor.java:104)
	at java.base/java.lang.reflect.Method.invoke(Method.java:565)
	at org.junit.platform.commons.util.ReflectionUtils.invokeMethod(ReflectionUtils.java:725)
	at org.junit.jupiter.engine.execution.MethodInvocation.proceed(MethodInvocation.java:60)
	at org.junit.jupiter.engine.execution.InvocationInterceptorChain$ValidatingInvocation.proceed(InvocationInterceptorChain.java:131)
	at ru.testit.listener.BaseJunit5Listener.interceptTestTemplateMethod(BaseJunit5Listener.java:173)
	at org.junit.jupiter.engine.execution.ExecutableInvoker$ReflectiveInterceptorCall.lambda$ofVoidMethod$0(ExecutableInvoker.java:115)
	at org.junit.jupiter.engine.execution.ExecutableInvoker.lambda$invoke$0(ExecutableInvoker.java:105)
	at org.junit.jupiter.engine.execution.InvocationInterceptorChain$InterceptedInvocation.proceed(InvocationInterceptorChain.java:106)
	at org.junit.jupiter.engine.extension.TimeoutExtension.intercept(TimeoutExtension.java:149)
	at org.junit.jupiter.engine.extension.TimeoutExtension.interceptTestableMethod(TimeoutExtension.java:140)
	at org.junit.jupiter.engine.extension.TimeoutExtension.interceptTestTemplateMethod(TimeoutExtension.java:92)
	at org.junit.jupiter.engine.execution.ExecutableInvoker$ReflectiveInterceptorCall.lambda$ofVoidMethod$0(ExecutableInvoker.java:115)
	at org.junit.jupiter.engine.execution.ExecutableInvoker.lambda$invoke$0(ExecutableInvoker.java:105)
	at org.junit.jupiter.engine.execution.InvocationInterceptorChain$InterceptedInvocation.proceed(InvocationInterceptorChain.java:106)
	at org.junit.jupiter.engine.execution.InvocationInterceptorChain.proceed(InvocationInterceptorChain.java:64)
	at org.junit.jupiter.engine.execution.InvocationInterceptorChain.chainAndInvoke(InvocationInterceptorChain.java:45)
	at org.junit.jupiter.engine.execution.InvocationInterceptorChain.invoke(InvocationInterceptorChain.java:37)
	at org.junit.jupiter.engine.execution.ExecutableInvoker.invoke(ExecutableInvoker.java:104)
	at org.junit.jupiter.engine.execution.ExecutableInvoker.invoke(ExecutableInvoker.java:98)
	at org.junit.jupiter.engine.descriptor.TestMethodTestDescriptor.lambda$invokeTestMethod$7(TestMethodTestDescriptor.java:214)
	at org.junit.platform.engine.support.hierarchical.ThrowableCollector.execute(ThrowableCollector.java:73)
	at org.junit.jupiter.engine.descriptor.TestMethodTestDescriptor.invokeTestMethod(TestMethodTestDescriptor.java:210)
	at org.junit.jupiter.engine.descriptor.TestMethodTestDescriptor.execute(TestMethodTestDescriptor.java:135)
	at org.junit.jupiter.engine.descriptor.TestMethodTestDescriptor.execute(TestMethodTestDescriptor.java:66)
	at org.junit.platform.engine.support.hierarchical.NodeTestTask.lambda$executeRecursively$6(NodeTestTask.java:151)
	at org.junit.platform.engine.support.hierarchical.ThrowableCollector.execute(ThrowableCollector.java:73)
	at org.junit.platform.engine.support.hierarchical.NodeTestTask.lambda$executeRecursively$8(NodeTestTask.java:141)
	at org.junit.platform.engine.support.hierarchical.Node.around(Node.java:137)
	at org.junit.platform.engine.support.hierarchical.NodeTestTask.lambda$executeRecursively$9(NodeTestTask.java:139)
	at org.junit.platform.engine.support.hierarchical.ThrowableCollector.execute(ThrowableCollector.java:73)
	at org.junit.platform.engine.support.hierarchical.NodeTestTask.executeRecursively(NodeTestTask.java:138)
	at org.junit.platform.engine.support.hierarchical.NodeTestTask.execute(NodeTestTask.java:95)
	at org.junit.platform.engine.support.hierarchical.SameThreadHierarchicalTestExecutorService.submit(SameThreadHierarchicalTestExecutorService.java:35)
	at org.junit.platform.engine.support.hierarchical.NodeTestTask$DefaultDynamicTestExecutor.execute(NodeTestTask.java:226)
	at org.junit.platform.engine.support.hierarchical.NodeTestTask$DefaultDynamicTestExecutor.execute(NodeTestTask.java:204)
	at org.junit.jupiter.engine.descriptor.TestTemplateTestDescriptor.execute(TestTemplateTestDescriptor.java:139)
	at org.junit.jupiter.engine.descriptor.TestTemplateTestDescriptor.lambda$execute$2(TestTemplateTestDescriptor.java:107)
	at java.base/java.util.stream.ForEachOps$ForEachOp$OfRef.accept(ForEachOps.java:186)
	at java.base/java.util.stream.ReferencePipeline$3$1.accept(ReferencePipeline.java:215)
	at java.base/java.util.stream.ReferencePipeline$2$1.accept(ReferencePipeline.java:197)
	at java.base/java.util.stream.ReferencePipeline$3$1.accept(ReferencePipeline.java:215)
	at java.base/java.util.stream.ForEachOps$ForEachOp$OfRef.accept(ForEachOps.java:186)
	at java.base/java.util.stream.ReferencePipeline$3$1.accept(ReferencePipeline.java:215)
	at java.base/java.util.stream.ReferencePipeline$3$1.accept(ReferencePipeline.java:215)
	at java.base/java.util.stream.ReferencePipeline$3$1.accept(ReferencePipeline.java:215)
	at java.base/java.util.stream.ForEachOps$ForEachOp$OfRef.accept(ForEachOps.java:186)
	at java.base/java.util.stream.ReferencePipeline$3$1.accept(ReferencePipeline.java:215)
	at java.base/java.util.Spliterators$ArraySpliterator.forEachRemaining(Spliterators.java:1024)
	at java.base/java.util.stream.ReferencePipeline$Head.forEach(ReferencePipeline.java:807)
	at java.base/java.util.stream.ReferencePipeline$7$1FlatMap.accept(ReferencePipeline.java:294)
	at java.base/java.util.stream.ReferencePipeline$3$1.accept(ReferencePipeline.java:215)
	at java.base/java.util.stream.ReferencePipeline$3$1.accept(ReferencePipeline.java:215)
	at java.base/java.util.Spliterators$ArraySpliterator.forEachRemaining(Spliterators.java:1024)
	at java.base/java.util.stream.AbstractPipeline.copyInto(AbstractPipeline.java:570)
	at java.base/java.util.stream.AbstractPipeline.wrapAndCopyInto(AbstractPipeline.java:560)
	at java.base/java.util.stream.ForEachOps$ForEachOp.evaluateSequential(ForEachOps.java:153)
	at java.base/java.util.stream.ForEachOps$ForEachOp$OfRef.evaluateSequential(ForEachOps.java:176)
	at java.base/java.util.stream.AbstractPipeline.evaluate(AbstractPipeline.java:265)
	at java.base/java.util.stream.ReferencePipeline.forEach(ReferencePipeline.java:636)
	at java.base/java.util.stream.ReferencePipeline$7$1FlatMap.accept(ReferencePipeline.java:294)
	at java.base/java.util.stream.ReferencePipeline$3$1.accept(ReferencePipeline.java:215)
	at java.base/java.util.stream.ReferencePipeline$3$1.accept(ReferencePipeline.java:215)
[...]
	at org.junit.platform.launcher.core.EngineExecutionOrchestrator.lambda$execute$0(EngineExecutionOrchestrator.java:55)
	at org.junit.platform.launcher.core.EngineExecutionOrchestrator.withInterceptedStreams(EngineExecutionOrchestrator.java:102)
	at org.junit.platform.launcher.core.EngineExecutionOrchestrator.execute(EngineExecutionOrchestrator.java:54)
	at org.junit.platform.launcher.core.DefaultLauncher.execute(DefaultLauncher.java:114)
	at org.junit.platform.launcher.core.DefaultLauncher.execute(DefaultLauncher.java:86)
	at org.junit.platform.launcher.core.DefaultLauncherSession$DelegatingLauncher.execute(DefaultLauncherSession.java:86)
	at org.apache.maven.surefire.junitplatform.LazyLauncher.execute(LazyLauncher.java:56)
	at org.apache.maven.surefire.junitplatform.JUnitPlatformProvider.execute(JUnitPlatformProvider.java:184)
	at org.apache.maven.surefire.junitplatform.JUnitPlatformProvider.invokeAllTests(JUnitPlatformProvider.java:148)
	at org.apache.maven.surefire.junitplatform.JUnitPlatformProvider.invoke(JUnitPlatformProvider.java:122)
	at org.apache.maven.surefire.booter.ForkedBooter.runSuitesInProcess(ForkedBooter.java:385)
	at org.apache.maven.surefire.booter.ForkedBooter.execute(ForkedBooter.java:162)
	at org.apache.maven.surefire.booter.ForkedBooter.run(ForkedBooter.java:507)
	at org.apache.maven.surefire.booter.ForkedBooter.main(ForkedBooter.java:495)
]]></failure>
    <system-err><![CDATA[2025-08-09T18:58:31.397+0300 [main] DEBUG ru.testit.listener.BaseJunit5Listener - Intercept test: labelsAnnotation_failed
2025-08-09T18:58:31.398+0300 [main] DEBUG ru.testit.services.AdapterManager - Schedule test case class TestResult {
    uuid: 38f52491-df18-4724-87d2-d4dad8dd4416
    externalId: 1E0C787075EAF356E92B327964725B0F55C059FEC337BC46E7ABE0CDA5510C0E
    workItemIds: []
    className: AnnotationTests
    spaceName: examples
    labels: [class Label {
        name: Label1
    }, class Label {
        name: Label2
    }]
    linkItems: []
    resultLinks: []
    attachments: []
    name: labelsAnnotation_failed
    title: null
    message: null
    itemStatus: null
    itemStage: SCHEDULED
    description: 
    steps: []
    throwable: null
    start: null
    stop: null
    parameters: null
    automaticCreationTestCases: true
    externalKey: examples.AnnotationTests.labelsAnnotation_failed
}
2025-08-09T18:58:31.400+0300 [main] DEBUG ru.testit.services.AdapterManager - Start test case class TestResult {
    uuid: 38f52491-df18-4724-87d2-d4dad8dd4416
    externalId: 1E0C787075EAF356E92B327964725B0F55C059FEC337BC46E7ABE0CDA5510C0E
    workItemIds: []
    className: AnnotationTests
    spaceName: examples
    labels: [class Label {
        name: Label1
    }, class Label {
        name: Label2
    }]
    linkItems: []
    resultLinks: []
    attachments: []
    name: labelsAnnotation_failed
    title: null
    message: null
    itemStatus: null
    itemStage: RUNNING
    description: 
    steps: []
    throwable: null
    start: 1754755111400
    stop: null
    parameters: null
    automaticCreationTestCases: true
    externalKey: examples.AnnotationTests.labelsAnnotation_failed
}
2025-08-09T18:58:31.400+0300 [main] DEBUG ru.testit.services.AdapterManager - Update class container 61CA1B04B5C5D5C6242A64BEC2967D2BDCFDC803A25CF949783EE51029B8EECC
2025-08-09T18:58:31.401+0300 [main] DEBUG ru.testit.listener.BaseJunit5Listener - Test failed: labelsAnnotation_failed()
2025-08-09T18:58:31.401+0300 [main] DEBUG ru.testit.services.AdapterManager - Update test case 38f52491-df18-4724-87d2-d4dad8dd4416
2025-08-09T18:58:31.401+0300 [main] DEBUG ru.testit.services.AdapterManager - Stop test case class TestResult {
    uuid: 38f52491-df18-4724-87d2-d4dad8dd4416
    externalId: 1E0C787075EAF356E92B327964725B0F55C059FEC337BC46E7ABE0CDA5510C0E
    workItemIds: []
    className: AnnotationTests
    spaceName: examples
    labels: [class Label {
        name: Label1
    }, class Label {
        name: Label2
    }]
    linkItems: []
    resultLinks: []
    attachments: []
    name: labelsAnnotation_failed
    title: null
    message: null
    itemStatus: FAILED
    itemStage: FINISHED
    description: 
    steps: []
    throwable: org.opentest4j.AssertionFailedError
    start: 1754755111400
    stop: 1754755111401
    parameters: null
    automaticCreationTestCases: true
    externalKey: examples.AnnotationTests.labelsAnnotation_failed
}
2025-08-09T18:58:31.401+0300 [main] DEBUG ru.testit.writers.HttpWriter - Write the auto test 1E0C787075EAF356E92B327964725B0F55C059FEC337BC46E7ABE0CDA5510C0E
2025-08-09T18:58:31.470+0300 [main] DEBUG ru.testit.writers.HttpWriter - Preparing to create the auto test 1E0C787075EAF356E92B327964725B0F55C059FEC337BC46E7ABE0CDA5510C0E
2025-08-09T18:58:31.929+0300 [main] DEBUG ru.testit.writers.HttpWriter - Preparing the test result for the auto test 1E0C787075EAF356E92B327964725B0F55C059FEC337BC46E7ABE0CDA5510C0E
]]></system-err>
  </testcase>
  <testcase name="externalIdAnnotation_failed" classname="examples.AnnotationTests" time="0.768">
    <failure type="org.opentest4j.AssertionFailedError&#10;	at org.junit.jupiter.api.AssertionUtils.fail(AssertionUtils.java"><![CDATA[org.opentest4j.AssertionFailedError
	at org.junit.jupiter.api.AssertionUtils.fail(AssertionUtils.java:35)
	at org.junit.jupiter.api.Assertions.fail(Assertions.java:115)
	at examples.AnnotationTests.externalIdAnnotation_failed(AnnotationTests.java:34)
	at java.base/jdk.internal.reflect.DirectMethodHandleAccessor.invoke(DirectMethodHandleAccessor.java:104)
	at java.base/java.lang.reflect.Method.invoke(Method.java:565)
	at org.junit.platform.commons.util.ReflectionUtils.invokeMethod(ReflectionUtils.java:725)
	at org.junit.jupiter.engine.execution.MethodInvocation.proceed(MethodInvocation.java:60)
	at org.junit.jupiter.engine.execution.InvocationInterceptorChain$ValidatingInvocation.proceed(InvocationInterceptorChain.java:131)
	at ru.testit.listener.BaseJunit5Listener.interceptTestMethod(BaseJunit5Listener.java:222)
	at org.junit.jupiter.engine.execution.ExecutableInvoker$ReflectiveInterceptorCall.lambda$ofVoidMethod$0(ExecutableInvoker.java:115)
	at org.junit.jupiter.engine.execution.ExecutableInvoker.lambda$invoke$0(ExecutableInvoker.java:105)
	at org.junit.jupiter.engine.execution.InvocationInterceptorChain$InterceptedInvocation.proceed(InvocationInterceptorChain.java:106)
	at org.junit.jupiter.engine.extension.TimeoutExtension.intercept(TimeoutExtension.java:149)
	at org.junit.jupiter.engine.extension.TimeoutExtension.interceptTestableMethod(TimeoutExtension.java:140)
	at org.junit.jupiter.engine.extension.TimeoutExtension.interceptTestMethod(TimeoutExtension.java:84)
	at org.junit.jupiter.engine.execution.ExecutableInvoker$ReflectiveInterceptorCall.lambda$ofVoidMethod$0(ExecutableInvoker.java:115)
	at org.junit.jupiter.engine.execution.ExecutableInvoker.lambda$invoke$0(ExecutableInvoker.java:105)
	at org.junit.jupiter.engine.execution.InvocationInterceptorChain$InterceptedInvocation.proceed(InvocationInterceptorChain.java:106)
	at org.junit.jupiter.engine.execution.InvocationInterceptorChain.proceed(InvocationInterceptorChain.java:64)
	at org.junit.jupiter.engine.execution.InvocationInterceptorChain.chainAndInvoke(InvocationInterceptorChain.java:45)
	at org.junit.jupiter.engine.execution.InvocationInterceptorChain.invoke(InvocationInterceptorChain.java:37)
	at org.junit.jupiter.engine.execution.ExecutableInvoker.invoke(ExecutableInvoker.java:104)
	at org.junit.jupiter.engine.execution.ExecutableInvoker.invoke(ExecutableInvoker.java:98)
	at org.junit.jupiter.engine.descriptor.TestMethodTestDescriptor.lambda$invokeTestMethod$7(TestMethodTestDescriptor.java:214)
	at org.junit.platform.engine.support.hierarchical.ThrowableCollector.execute(ThrowableCollector.java:73)
	at org.junit.jupiter.engine.descriptor.TestMethodTestDescriptor.invokeTestMethod(TestMethodTestDescriptor.java:210)
	at org.junit.jupiter.engine.descriptor.TestMethodTestDescriptor.execute(TestMethodTestDescriptor.java:135)
	at org.junit.jupiter.engine.descriptor.TestMethodTestDescriptor.execute(TestMethodTestDescriptor.java:66)
	at org.junit.platform.engine.support.hierarchical.NodeTestTask.lambda$executeRecursively$6(NodeTestTask.java:151)
	at org.junit.platform.engine.support.hierarchical.ThrowableCollector.execute(ThrowableCollector.java:73)
	at org.junit.platform.engine.support.hierarchical.NodeTestTask.lambda$executeRecursively$8(NodeTestTask.java:141)
	at org.junit.platform.engine.support.hierarchical.Node.around(Node.java:137)
	at org.junit.platform.engine.support.hierarchical.NodeTestTask.lambda$executeRecursively$9(NodeTestTask.java:139)
	at org.junit.platform.engine.support.hierarchical.ThrowableCollector.execute(ThrowableCollector.java:73)
	at org.junit.platform.engine.support.hierarchical.NodeTestTask.executeRecursively(NodeTestTask.java:138)
	at org.junit.platform.engine.support.hierarchical.NodeTestTask.execute(NodeTestTask.java:95)
	at java.base/java.util.ArrayList.forEach(ArrayList.java:1604)
	at org.junit.platform.engine.support.hierarchical.SameThreadHierarchicalTestExecutorService.invokeAll(SameThreadHierarchicalTestExecutorService.java:41)
	at org.junit.platform.engine.support.hierarchical.NodeTestTask.lambda$executeRecursively$6(NodeTestTask.java:155)
	at org.junit.platform.engine.support.hierarchical.ThrowableCollector.execute(ThrowableCollector.java:73)
	at org.junit.platform.engine.support.hierarchical.NodeTestTask.lambda$executeRecursively$8(NodeTestTask.java:141)
	at org.junit.platform.engine.support.hierarchical.Node.around(Node.java:137)
	at org.junit.platform.engine.support.hierarchical.NodeTestTask.lambda$executeRecursively$9(NodeTestTask.java:139)
	at org.junit.platform.engine.support.hierarchical.ThrowableCollector.execute(ThrowableCollector.java:73)
	at org.junit.platform.engine.support.hierarchical.NodeTestTask.executeRecursively(NodeTestTask.java:138)
	at org.junit.platform.engine.support.hierarchical.NodeTestTask.execute(NodeTestTask.java:95)
	at java.base/java.util.ArrayList.forEach(ArrayList.java:1604)
	at org.junit.platform.engine.support.hierarchical.SameThreadHierarchicalTestExecutorService.invokeAll(SameThreadHierarchicalTestExecutorService.java:41)
	at org.junit.platform.engine.support.hierarchical.NodeTestTask.lambda$executeRecursively$6(NodeTestTask.java:155)
	at org.junit.platform.engine.support.hierarchical.ThrowableCollector.execute(ThrowableCollector.java:73)
	at org.junit.platform.engine.support.hierarchical.NodeTestTask.lambda$executeRecursively$8(NodeTestTask.java:141)
	at org.junit.platform.engine.support.hierarchical.Node.around(Node.java:137)
	at org.junit.platform.engine.support.hierarchical.NodeTestTask.lambda$executeRecursively$9(NodeTestTask.java:139)
	at org.junit.platform.engine.support.hierarchical.ThrowableCollector.execute(ThrowableCollector.java:73)
	at org.junit.platform.engine.support.hierarchical.NodeTestTask.executeRecursively(NodeTestTask.java:138)
	at org.junit.platform.engine.support.hierarchical.NodeTestTask.execute(NodeTestTask.java:95)
	at org.junit.platform.engine.support.hierarchical.SameThreadHierarchicalTestExecutorService.submit(SameThreadHierarchicalTestExecutorService.java:35)
	at org.junit.platform.engine.support.hierarchical.HierarchicalTestExecutor.execute(HierarchicalTestExecutor.java:57)
	at org.junit.platform.engine.support.hierarchical.HierarchicalTestEngine.execute(HierarchicalTestEngine.java:54)
	at org.junit.platform.launcher.core.EngineExecutionOrchestrator.execute(EngineExecutionOrchestrator.java:147)
	at org.junit.platform.launcher.core.EngineExecutionOrchestrator.execute(EngineExecutionOrchestrator.java:127)
	at org.junit.platform.launcher.core.EngineExecutionOrchestrator.execute(EngineExecutionOrchestrator.java:90)
	at org.junit.platform.launcher.core.EngineExecutionOrchestrator.lambda$execute$0(EngineExecutionOrchestrator.java:55)
	at org.junit.platform.launcher.core.EngineExecutionOrchestrator.withInterceptedStreams(EngineExecutionOrchestrator.java:102)
	at org.junit.platform.launcher.core.EngineExecutionOrchestrator.execute(EngineExecutionOrchestrator.java:54)
	at org.junit.platform.launcher.core.DefaultLauncher.execute(DefaultLauncher.java:114)
	at org.junit.platform.launcher.core.DefaultLauncher.execute(DefaultLauncher.java:86)
	at org.junit.platform.launcher.core.DefaultLauncherSession$DelegatingLauncher.execute(DefaultLauncherSession.java:86)
	at org.apache.maven.surefire.junitplatform.LazyLauncher.execute(LazyLauncher.java:56)
	at org.apache.maven.surefire.junitplatform.JUnitPlatformProvider.execute(JUnitPlatformProvider.java:184)
	at org.apache.maven.surefire.junitplatform.JUnitPlatformProvider.invokeAllTests(JUnitPlatformProvider.java:148)
	at org.apache.maven.surefire.junitplatform.JUnitPlatformProvider.invoke(JUnitPlatformProvider.java:122)
	at org.apache.maven.surefire.booter.ForkedBooter.runSuitesInProcess(ForkedBooter.java:385)
	at org.apache.maven.surefire.booter.ForkedBooter.execute(ForkedBooter.java:162)
	at org.apache.maven.surefire.booter.ForkedBooter.run(ForkedBooter.java:507)
	at org.apache.maven.surefire.booter.ForkedBooter.main(ForkedBooter.java:495)
]]></failure>
    <system-err><![CDATA[2025-08-09T18:58:32.242+0300 [main] DEBUG ru.testit.listener.BaseJunit5Listener - Intercept test: externalIdAnnotation_failed
2025-08-09T18:58:32.242+0300 [main] DEBUG ru.testit.services.AdapterManager - Schedule test case class TestResult {
    uuid: 3c981ac8-71ba-4bdd-8fd3-82284f5f3eb0
    externalId: externalIdAnnotation_failed
    workItemIds: []
    className: AnnotationTests
    spaceName: examples
    labels: []
    linkItems: []
    resultLinks: []
    attachments: []
    name: externalIdAnnotation_failed
    title: null
    message: null
    itemStatus: null
    itemStage: SCHEDULED
    description: 
    steps: []
    throwable: null
    start: null
    stop: null
    parameters: null
    automaticCreationTestCases: true
    externalKey: examples.AnnotationTests.externalIdAnnotation_failed
}
2025-08-09T18:58:32.243+0300 [main] DEBUG ru.testit.services.AdapterManager - Start test case class TestResult {
    uuid: 3c981ac8-71ba-4bdd-8fd3-82284f5f3eb0
    externalId: externalIdAnnotation_failed
    workItemIds: []
    className: AnnotationTests
    spaceName: examples
    labels: []
    linkItems: []
    resultLinks: []
    attachments: []
    name: externalIdAnnotation_failed
    title: null
    message: null
    itemStatus: null
    itemStage: RUNNING
    description: 
    steps: []
    throwable: null
    start: 1754755112242
    stop: null
    parameters: null
    automaticCreationTestCases: true
    externalKey: examples.AnnotationTests.externalIdAnnotation_failed
}
2025-08-09T18:58:32.243+0300 [main] DEBUG ru.testit.services.AdapterManager - Update class container 61CA1B04B5C5D5C6242A64BEC2967D2BDCFDC803A25CF949783EE51029B8EECC
2025-08-09T18:58:32.244+0300 [main] DEBUG ru.testit.listener.BaseJunit5Listener - Test failed: externalIdAnnotation_failed()
2025-08-09T18:58:32.244+0300 [main] DEBUG ru.testit.services.AdapterManager - Update test case 3c981ac8-71ba-4bdd-8fd3-82284f5f3eb0
2025-08-09T18:58:32.245+0300 [main] DEBUG ru.testit.services.AdapterManager - Stop test case class TestResult {
    uuid: 3c981ac8-71ba-4bdd-8fd3-82284f5f3eb0
    externalId: externalIdAnnotation_failed
    workItemIds: []
    className: AnnotationTests
    spaceName: examples
    labels: []
    linkItems: []
    resultLinks: []
    attachments: []
    name: externalIdAnnotation_failed
    title: null
    message: null
    itemStatus: FAILED
    itemStage: FINISHED
    description: 
    steps: []
    throwable: org.opentest4j.AssertionFailedError
    start: 1754755112242
    stop: 1754755112244
    parameters: null
    automaticCreationTestCases: true
    externalKey: examples.AnnotationTests.externalIdAnnotation_failed
}
2025-08-09T18:58:32.245+0300 [main] DEBUG ru.testit.writers.HttpWriter - Write the auto test externalIdAnnotation_failed
2025-08-09T18:58:32.313+0300 [main] DEBUG ru.testit.writers.HttpWriter - Preparing to create the auto test externalIdAnnotation_failed
2025-08-09T18:58:32.740+0300 [main] DEBUG ru.testit.writers.HttpWriter - Preparing the test result for the auto test externalIdAnnotation_failed
]]></system-err>
  </testcase>
  <testcase name="labelsAnnotation_success" classname="examples.AnnotationTests" time="0.783">
    <system-err><![CDATA[2025-08-09T18:58:33.011+0300 [main] DEBUG ru.testit.listener.BaseJunit5Listener - Intercept test: labelsAnnotation_success
2025-08-09T18:58:33.012+0300 [main] DEBUG ru.testit.services.AdapterManager - Schedule test case class TestResult {
    uuid: 02637c42-183b-4275-8c60-9daa5f136709
    externalId: 533A670812C6C13C78AF7F7590E1C69D3EAC0C62DA638D51DBFE020F43EBD659
    workItemIds: []
    className: AnnotationTests
    spaceName: examples
    labels: [class Label {
        name: Label1
    }, class Label {
        name: Label2
    }]
    linkItems: []
    resultLinks: []
    attachments: []
    name: labelsAnnotation_success
    title: null
    message: null
    itemStatus: null
    itemStage: SCHEDULED
    description: 
    steps: []
    throwable: null
    start: null
    stop: null
    parameters: null
    automaticCreationTestCases: true
    externalKey: examples.AnnotationTests.labelsAnnotation_success
}
2025-08-09T18:58:33.013+0300 [main] DEBUG ru.testit.services.AdapterManager - Start test case class TestResult {
    uuid: 02637c42-183b-4275-8c60-9daa5f136709
    externalId: 533A670812C6C13C78AF7F7590E1C69D3EAC0C62DA638D51DBFE020F43EBD659
    workItemIds: []
    className: AnnotationTests
    spaceName: examples
    labels: [class Label {
        name: Label1
    }, class Label {
        name: Label2
    }]
    linkItems: []
    resultLinks: []
    attachments: []
    name: labelsAnnotation_success
    title: null
    message: null
    itemStatus: null
    itemStage: RUNNING
    description: 
    steps: []
    throwable: null
    start: 1754755113013
    stop: null
    parameters: null
    automaticCreationTestCases: true
    externalKey: examples.AnnotationTests.labelsAnnotation_success
}
2025-08-09T18:58:33.013+0300 [main] DEBUG ru.testit.services.AdapterManager - Update class container 61CA1B04B5C5D5C6242A64BEC2967D2BDCFDC803A25CF949783EE51029B8EECC
2025-08-09T18:58:33.014+0300 [main] DEBUG ru.testit.listener.BaseJunit5Listener - Test successful: labelsAnnotation_success()
2025-08-09T18:58:33.014+0300 [main] DEBUG ru.testit.services.AdapterManager - Update test case 02637c42-183b-4275-8c60-9daa5f136709
2025-08-09T18:58:33.015+0300 [main] DEBUG ru.testit.services.AdapterManager - Stop test case class TestResult {
    uuid: 02637c42-183b-4275-8c60-9daa5f136709
    externalId: 533A670812C6C13C78AF7F7590E1C69D3EAC0C62DA638D51DBFE020F43EBD659
    workItemIds: []
    className: AnnotationTests
    spaceName: examples
    labels: [class Label {
        name: Label1
    }, class Label {
        name: Label2
    }]
    linkItems: []
    resultLinks: []
    attachments: []
    name: labelsAnnotation_success
    title: null
    message: null
    itemStatus: PASSED
    itemStage: FINISHED
    description: 
    steps: []
    throwable: null
    start: 1754755113013
    stop: 1754755113014
    parameters: null
    automaticCreationTestCases: true
    externalKey: examples.AnnotationTests.labelsAnnotation_success
}
2025-08-09T18:58:33.015+0300 [main] DEBUG ru.testit.writers.HttpWriter - Write the auto test 533A670812C6C13C78AF7F7590E1C69D3EAC0C62DA638D51DBFE020F43EBD659
2025-08-09T18:58:33.079+0300 [main] DEBUG ru.testit.writers.HttpWriter - Preparing to create the auto test 533A670812C6C13C78AF7F7590E1C69D3EAC0C62DA638D51DBFE020F43EBD659
2025-08-09T18:58:33.541+0300 [main] DEBUG ru.testit.writers.HttpWriter - Preparing the test result for the auto test 533A670812C6C13C78AF7F7590E1C69D3EAC0C62DA638D51DBFE020F43EBD659
]]></system-err>
  </testcase>
</testsuite>